<?xml version="1.0" encoding="utf-8"?><testsuite errors="0" failures="33" name="pytest" skips="0" tests="183" time="1.344"><testcase classname="test_submit" file="test_submit.py" line="8" name="test_826" time="0.0006122589111328125"></testcase><testcase classname="test_submit" file="test_submit.py" line="12" name="test_1376" time="0.0005350112915039062"></testcase><testcase classname="test_submit" file="test_submit.py" line="16" name="test_1565" time="0.0004930496215820312"></testcase><testcase classname="test_submit" file="test_submit.py" line="24" name="test_2725" time="0.0005166530609130859"></testcase><testcase classname="test_submit" file="test_submit.py" line="28" name="test_2655" time="0.0006630420684814453"></testcase><testcase classname="test_submit" file="test_submit.py" line="32" name="test_2500" time="0.0005984306335449219"></testcase><testcase classname="test_submit" file="test_submit.py" line="40" name="test_1763" time="0.0005152225494384766"></testcase><testcase classname="test_submit" file="test_submit.py" line="44" name="test_168" time="0.0007467269897460938"></testcase><testcase classname="test_submit" file="test_submit.py" line="56" name="test_1304" time="0.0007088184356689453"></testcase><testcase classname="test_submit" file="test_submit.py" line="60" name="test_2600" time="0.0005426406860351562"></testcase><testcase classname="test_submit" file="test_submit.py" line="64" name="test_296" time="0.0005376338958740234"></testcase><testcase classname="test_submit" file="test_submit.py" line="68" name="test_1466" time="0.0005707740783691406"></testcase><testcase classname="test_submit" file="test_submit.py" line="72" name="test_1076" time="0.0008044242858886719"></testcase><testcase classname="test_submit" file="test_submit.py" line="76" name="test_1271" time="0.001569986343383789"></testcase><testcase classname="test_submit" file="test_submit.py" line="96" name="test_2785" time="0.0005824565887451172"></testcase><testcase classname="test_submit" file="test_submit.py" line="104" name="test_2895" time="0.0005192756652832031"></testcase><testcase classname="test_submit" file="test_submit.py" line="108" name="test_1394" time="0.0035142898559570312"><failure message="AssertionError: assert None
 +  where None = &lt;built-in method get of dict object at 0x7fec4c33e740&gt;(&apos;example&apos;)
 +    where &lt;built-in method get of dict object at 0x7fec4c33e740&gt; = {&apos;description&apos;: &apos;Agente&apos;, &apos;discriminator&apos;: &apos;agent&apos;, &apos;properties&apos;: {&apos;address&apos;: {&apos;type&apos;: &apos;string&apos;}, &apos;agent_id&apos;: {&apos;type&apos;: &apos;integer&apos;}, &apos;environment&apos;: {&apos;type&apos;: &apos;string&apos;}, &apos;name&apos;: {&apos;type&apos;: &apos;string&apos;}, ...}, &apos;type&apos;: &apos;object&apos;}.get
 +      where {&apos;description&apos;: &apos;Agente&apos;, &apos;discriminator&apos;: &apos;agent&apos;, &apos;properties&apos;: {&apos;address&apos;: {&apos;type&apos;: &apos;string&apos;}, &apos;agent_id&apos;: {&apos;type&apos;: &apos;integer&apos;}, &apos;environment&apos;: {&apos;type&apos;: &apos;string&apos;}, &apos;name&apos;: {&apos;type&apos;: &apos;string&apos;}, ...}, &apos;type&apos;: &apos;object&apos;} = &lt;built-in method get of dict object at 0x7fec4c50e480&gt;(&apos;Agent&apos;)
 +        where &lt;built-in method get of dict object at 0x7fec4c50e480&gt; = {&apos;Agent&apos;: {&apos;description&apos;: &apos;Agente&apos;, &apos;discriminator&apos;: &apos;agent&apos;, &apos;properties&apos;: {&apos;address&apos;: {&apos;type&apos;: &apos;string&apos;}, &apos;agent_id&apos;...minator&apos;: &apos;group&apos;, &apos;properties&apos;: {&apos;group_id&apos;: {&apos;type&apos;: &apos;integer&apos;}, &apos;name&apos;: {&apos;type&apos;: &apos;string&apos;}}, &apos;type&apos;: &apos;object&apos;}, ...}.get
 +          where {&apos;Agent&apos;: {&apos;description&apos;: &apos;Agente&apos;, &apos;discriminator&apos;: &apos;agent&apos;, &apos;properties&apos;: {&apos;address&apos;: {&apos;type&apos;: &apos;string&apos;}, &apos;agent_id&apos;...minator&apos;: &apos;group&apos;, &apos;properties&apos;: {&apos;group_id&apos;: {&apos;type&apos;: &apos;integer&apos;}, &apos;name&apos;: {&apos;type&apos;: &apos;string&apos;}}, &apos;type&apos;: &apos;object&apos;}, ...} = &lt;built-in method get of dict object at 0x7fec4c50e5c0&gt;(&apos;types&apos;)
 +            where &lt;built-in method get of dict object at 0x7fec4c50e5c0&gt; = {&apos;/agents&apos;: {&apos;/{id}&apos;: {&apos;delete&apos;: {&apos;description&apos;: &apos;Método que exclui um agente especifico&apos;, &apos;responses&apos;: {200: {&apos;body&apos;:...ple&apos;: {...}, &apos;type&apos;: &apos;Mensagem&apos;}}, 405: {&apos;body&apos;: {&apos;example&apos;: {...}, &apos;type&apos;: &apos;Mensagem&apos;}}}, &apos;securedBy&apos;: [&apos;JWT&apos;]}}, ...}.get">E   AssertionError: assert None
     +  where None = &lt;built-in method get of dict object at 0x7fec4c33e740&gt;(&apos;example&apos;)
     +    where &lt;built-in method get of dict object at 0x7fec4c33e740&gt; = {&apos;description&apos;: &apos;Agente&apos;, &apos;discriminator&apos;: &apos;agent&apos;, &apos;properties&apos;: {&apos;address&apos;: {&apos;type&apos;: &apos;string&apos;}, &apos;agent_id&apos;: {&apos;type&apos;: &apos;integer&apos;}, &apos;environment&apos;: {&apos;type&apos;: &apos;string&apos;}, &apos;name&apos;: {&apos;type&apos;: &apos;string&apos;}, ...}, &apos;type&apos;: &apos;object&apos;}.get
     +      where {&apos;description&apos;: &apos;Agente&apos;, &apos;discriminator&apos;: &apos;agent&apos;, &apos;properties&apos;: {&apos;address&apos;: {&apos;type&apos;: &apos;string&apos;}, &apos;agent_id&apos;: {&apos;type&apos;: &apos;integer&apos;}, &apos;environment&apos;: {&apos;type&apos;: &apos;string&apos;}, &apos;name&apos;: {&apos;type&apos;: &apos;string&apos;}, ...}, &apos;type&apos;: &apos;object&apos;} = &lt;built-in method get of dict object at 0x7fec4c50e480&gt;(&apos;Agent&apos;)
     +        where &lt;built-in method get of dict object at 0x7fec4c50e480&gt; = {&apos;Agent&apos;: {&apos;description&apos;: &apos;Agente&apos;, &apos;discriminator&apos;: &apos;agent&apos;, &apos;properties&apos;: {&apos;address&apos;: {&apos;type&apos;: &apos;string&apos;}, &apos;agent_id&apos;...minator&apos;: &apos;group&apos;, &apos;properties&apos;: {&apos;group_id&apos;: {&apos;type&apos;: &apos;integer&apos;}, &apos;name&apos;: {&apos;type&apos;: &apos;string&apos;}}, &apos;type&apos;: &apos;object&apos;}, ...}.get
     +          where {&apos;Agent&apos;: {&apos;description&apos;: &apos;Agente&apos;, &apos;discriminator&apos;: &apos;agent&apos;, &apos;properties&apos;: {&apos;address&apos;: {&apos;type&apos;: &apos;string&apos;}, &apos;agent_id&apos;...minator&apos;: &apos;group&apos;, &apos;properties&apos;: {&apos;group_id&apos;: {&apos;type&apos;: &apos;integer&apos;}, &apos;name&apos;: {&apos;type&apos;: &apos;string&apos;}}, &apos;type&apos;: &apos;object&apos;}, ...} = &lt;built-in method get of dict object at 0x7fec4c50e5c0&gt;(&apos;types&apos;)
     +            where &lt;built-in method get of dict object at 0x7fec4c50e5c0&gt; = {&apos;/agents&apos;: {&apos;/{id}&apos;: {&apos;delete&apos;: {&apos;description&apos;: &apos;Método que exclui um agente especifico&apos;, &apos;responses&apos;: {200: {&apos;body&apos;:...ple&apos;: {...}, &apos;type&apos;: &apos;Mensagem&apos;}}, 405: {&apos;body&apos;: {&apos;example&apos;: {...}, &apos;type&apos;: &apos;Mensagem&apos;}}}, &apos;securedBy&apos;: [&apos;JWT&apos;]}}, ...}.get</failure></testcase><testcase classname="test_submit" file="test_submit.py" line="112" name="test_2465" time="0.0007343292236328125"><failure message="AttributeError: &apos;NoneType&apos; object has no attribute &apos;get&apos;">E   AttributeError: &apos;NoneType&apos; object has no attribute &apos;get&apos;</failure></testcase><testcase classname="test_submit" file="test_submit.py" line="120" name="test_2730" time="0.001451253890991211"><failure message="AttributeError: &apos;NoneType&apos; object has no attribute &apos;get&apos;">E   AttributeError: &apos;NoneType&apos; object has no attribute &apos;get&apos;</failure></testcase><testcase classname="test_submit" file="test_submit.py" line="124" name="test_2620" time="0.0013439655303955078"><failure message="AttributeError: &apos;NoneType&apos; object has no attribute &apos;get&apos;">E   AttributeError: &apos;NoneType&apos; object has no attribute &apos;get&apos;</failure></testcase><testcase classname="test_submit" file="test_submit.py" line="128" name="test_2340" time="0.0006220340728759766"><failure message="AttributeError: &apos;NoneType&apos; object has no attribute &apos;get&apos;">E   AttributeError: &apos;NoneType&apos; object has no attribute &apos;get&apos;</failure></testcase><testcase classname="test_submit" file="test_submit.py" line="140" name="test_252" time="0.0014328956604003906"></testcase><testcase classname="test_submit" file="test_submit.py" line="144" name="test_1085" time="0.0005755424499511719"></testcase><testcase classname="test_submit" file="test_submit.py" line="152" name="test_1781" time="0.0005614757537841797"></testcase><testcase classname="test_submit" file="test_submit.py" line="160" name="test_2160" time="0.0004916191101074219"></testcase><testcase classname="test_submit" file="test_submit.py" line="168" name="test_2210" time="0.0005662441253662109"></testcase><testcase classname="test_submit" file="test_submit.py" line="172" name="test_2590" time="0.0017995834350585938"><failure message="AssertionError: assert None
 +  where None = &lt;built-in method get of dict object at 0x7fec4c3446c0&gt;(&apos;shelved&apos;)
 +    where &lt;built-in method get of dict object at 0x7fec4c3446c0&gt; = {&apos;agent_id&apos;: {&apos;type&apos;: &apos;integer&apos;}, &apos;date&apos;: {&apos;type&apos;: &apos;datetime&apos;}, &apos;event_id&apos;: {&apos;type&apos;: &apos;integer&apos;}, &apos;level&apos;: {&apos;type&apos;: &apos;string&apos;}, ...}.get
 +      where {&apos;agent_id&apos;: {&apos;type&apos;: &apos;integer&apos;}, &apos;date&apos;: {&apos;type&apos;: &apos;datetime&apos;}, &apos;event_id&apos;: {&apos;type&apos;: &apos;integer&apos;}, &apos;level&apos;: {&apos;type&apos;: &apos;string&apos;}, ...} = &lt;built-in method get of dict object at 0x7fec4c33ee00&gt;(&apos;properties&apos;)
 +        where &lt;built-in method get of dict object at 0x7fec4c33ee00&gt; = {&apos;description&apos;: &apos;Evento&apos;, &apos;discriminator&apos;: &apos;event&apos;, &apos;properties&apos;: {&apos;agent_id&apos;: {&apos;type&apos;: &apos;integer&apos;}, &apos;date&apos;: {&apos;type&apos;: &apos;datetime&apos;}, &apos;event_id&apos;: {&apos;type&apos;: &apos;integer&apos;}, &apos;level&apos;: {&apos;type&apos;: &apos;string&apos;}, ...}, &apos;type&apos;: &apos;object&apos;}.get
 +          where {&apos;description&apos;: &apos;Evento&apos;, &apos;discriminator&apos;: &apos;event&apos;, &apos;properties&apos;: {&apos;agent_id&apos;: {&apos;type&apos;: &apos;integer&apos;}, &apos;date&apos;: {&apos;type&apos;: &apos;datetime&apos;}, &apos;event_id&apos;: {&apos;type&apos;: &apos;integer&apos;}, &apos;level&apos;: {&apos;type&apos;: &apos;string&apos;}, ...}, &apos;type&apos;: &apos;object&apos;} = &lt;built-in method get of dict object at 0x7fec4c50e480&gt;(&apos;Event&apos;)
 +            where &lt;built-in method get of dict object at 0x7fec4c50e480&gt; = {&apos;Agent&apos;: {&apos;description&apos;: &apos;Agente&apos;, &apos;discriminator&apos;: &apos;agent&apos;, &apos;properties&apos;: {&apos;address&apos;: {&apos;type&apos;: &apos;string&apos;}, &apos;agent_id&apos;...minator&apos;: &apos;group&apos;, &apos;properties&apos;: {&apos;group_id&apos;: {&apos;type&apos;: &apos;integer&apos;}, &apos;name&apos;: {&apos;type&apos;: &apos;string&apos;}}, &apos;type&apos;: &apos;object&apos;}, ...}.get
 +              where {&apos;Agent&apos;: {&apos;description&apos;: &apos;Agente&apos;, &apos;discriminator&apos;: &apos;agent&apos;, &apos;properties&apos;: {&apos;address&apos;: {&apos;type&apos;: &apos;string&apos;}, &apos;agent_id&apos;...minator&apos;: &apos;group&apos;, &apos;properties&apos;: {&apos;group_id&apos;: {&apos;type&apos;: &apos;integer&apos;}, &apos;name&apos;: {&apos;type&apos;: &apos;string&apos;}}, &apos;type&apos;: &apos;object&apos;}, ...} = &lt;built-in method get of dict object at 0x7fec4c50e5c0&gt;(&apos;types&apos;)
 +                where &lt;built-in method get of dict object at 0x7fec4c50e5c0&gt; = {&apos;/agents&apos;: {&apos;/{id}&apos;: {&apos;delete&apos;: {&apos;description&apos;: &apos;Método que exclui um agente especifico&apos;, &apos;responses&apos;: {200: {&apos;body&apos;:...ple&apos;: {...}, &apos;type&apos;: &apos;Mensagem&apos;}}, 405: {&apos;body&apos;: {&apos;example&apos;: {...}, &apos;type&apos;: &apos;Mensagem&apos;}}}, &apos;securedBy&apos;: [&apos;JWT&apos;]}}, ...}.get">E   AssertionError: assert None
     +  where None = &lt;built-in method get of dict object at 0x7fec4c3446c0&gt;(&apos;shelved&apos;)
     +    where &lt;built-in method get of dict object at 0x7fec4c3446c0&gt; = {&apos;agent_id&apos;: {&apos;type&apos;: &apos;integer&apos;}, &apos;date&apos;: {&apos;type&apos;: &apos;datetime&apos;}, &apos;event_id&apos;: {&apos;type&apos;: &apos;integer&apos;}, &apos;level&apos;: {&apos;type&apos;: &apos;string&apos;}, ...}.get
     +      where {&apos;agent_id&apos;: {&apos;type&apos;: &apos;integer&apos;}, &apos;date&apos;: {&apos;type&apos;: &apos;datetime&apos;}, &apos;event_id&apos;: {&apos;type&apos;: &apos;integer&apos;}, &apos;level&apos;: {&apos;type&apos;: &apos;string&apos;}, ...} = &lt;built-in method get of dict object at 0x7fec4c33ee00&gt;(&apos;properties&apos;)
     +        where &lt;built-in method get of dict object at 0x7fec4c33ee00&gt; = {&apos;description&apos;: &apos;Evento&apos;, &apos;discriminator&apos;: &apos;event&apos;, &apos;properties&apos;: {&apos;agent_id&apos;: {&apos;type&apos;: &apos;integer&apos;}, &apos;date&apos;: {&apos;type&apos;: &apos;datetime&apos;}, &apos;event_id&apos;: {&apos;type&apos;: &apos;integer&apos;}, &apos;level&apos;: {&apos;type&apos;: &apos;string&apos;}, ...}, &apos;type&apos;: &apos;object&apos;}.get
     +          where {&apos;description&apos;: &apos;Evento&apos;, &apos;discriminator&apos;: &apos;event&apos;, &apos;properties&apos;: {&apos;agent_id&apos;: {&apos;type&apos;: &apos;integer&apos;}, &apos;date&apos;: {&apos;type&apos;: &apos;datetime&apos;}, &apos;event_id&apos;: {&apos;type&apos;: &apos;integer&apos;}, &apos;level&apos;: {&apos;type&apos;: &apos;string&apos;}, ...}, &apos;type&apos;: &apos;object&apos;} = &lt;built-in method get of dict object at 0x7fec4c50e480&gt;(&apos;Event&apos;)
     +            where &lt;built-in method get of dict object at 0x7fec4c50e480&gt; = {&apos;Agent&apos;: {&apos;description&apos;: &apos;Agente&apos;, &apos;discriminator&apos;: &apos;agent&apos;, &apos;properties&apos;: {&apos;address&apos;: {&apos;type&apos;: &apos;string&apos;}, &apos;agent_id&apos;...minator&apos;: &apos;group&apos;, &apos;properties&apos;: {&apos;group_id&apos;: {&apos;type&apos;: &apos;integer&apos;}, &apos;name&apos;: {&apos;type&apos;: &apos;string&apos;}}, &apos;type&apos;: &apos;object&apos;}, ...}.get
     +              where {&apos;Agent&apos;: {&apos;description&apos;: &apos;Agente&apos;, &apos;discriminator&apos;: &apos;agent&apos;, &apos;properties&apos;: {&apos;address&apos;: {&apos;type&apos;: &apos;string&apos;}, &apos;agent_id&apos;...minator&apos;: &apos;group&apos;, &apos;properties&apos;: {&apos;group_id&apos;: {&apos;type&apos;: &apos;integer&apos;}, &apos;name&apos;: {&apos;type&apos;: &apos;string&apos;}}, &apos;type&apos;: &apos;object&apos;}, ...} = &lt;built-in method get of dict object at 0x7fec4c50e5c0&gt;(&apos;types&apos;)
     +                where &lt;built-in method get of dict object at 0x7fec4c50e5c0&gt; = {&apos;/agents&apos;: {&apos;/{id}&apos;: {&apos;delete&apos;: {&apos;description&apos;: &apos;Método que exclui um agente especifico&apos;, &apos;responses&apos;: {200: {&apos;body&apos;:...ple&apos;: {...}, &apos;type&apos;: &apos;Mensagem&apos;}}, 405: {&apos;body&apos;: {&apos;example&apos;: {...}, &apos;type&apos;: &apos;Mensagem&apos;}}}, &apos;securedBy&apos;: [&apos;JWT&apos;]}}, ...}.get</failure></testcase><testcase classname="test_submit" file="test_submit.py" line="184" name="test_2480" time="0.0008175373077392578"><failure message="AttributeError: &apos;NoneType&apos; object has no attribute &apos;get&apos;">E   AttributeError: &apos;NoneType&apos; object has no attribute &apos;get&apos;</failure></testcase><testcase classname="test_submit" file="test_submit.py" line="188" name="test_2020" time="0.0008523464202880859"><failure message="AttributeError: &apos;NoneType&apos; object has no attribute &apos;get&apos;">E   AttributeError: &apos;NoneType&apos; object has no attribute &apos;get&apos;</failure></testcase><testcase classname="test_submit" file="test_submit.py" line="192" name="test_2830" time="0.00090789794921875"><failure message="AttributeError: &apos;NoneType&apos; object has no attribute &apos;get&apos;">E   AttributeError: &apos;NoneType&apos; object has no attribute &apos;get&apos;</failure></testcase><testcase classname="test_submit" file="test_submit.py" line="196" name="test_2765" time="0.0009200572967529297"><failure message="AttributeError: &apos;NoneType&apos; object has no attribute &apos;get&apos;">E   AttributeError: &apos;NoneType&apos; object has no attribute &apos;get&apos;</failure></testcase><testcase classname="test_submit" file="test_submit.py" line="200" name="test_2055" time="0.0009083747863769531"><failure message="AttributeError: &apos;NoneType&apos; object has no attribute &apos;get&apos;">E   AttributeError: &apos;NoneType&apos; object has no attribute &apos;get&apos;</failure></testcase><testcase classname="test_submit" file="test_submit.py" line="204" name="test_764" time="0.0008087158203125"></testcase><testcase classname="test_submit" file="test_submit.py" line="208" name="test_1742" time="0.0013780593872070312"></testcase><testcase classname="test_submit" file="test_submit.py" line="212" name="test_1643" time="0.0009524822235107422"></testcase><testcase classname="test_submit" file="test_submit.py" line="216" name="test_1790" time="0.000774383544921875"></testcase><testcase classname="test_submit" file="test_submit.py" line="224" name="test_2015" time="0.0008528232574462891"></testcase><testcase classname="test_submit" file="test_submit.py" line="228" name="test_1232" time="0.0031638145446777344"><failure message="AssertionError: assert None
 +  where None = &lt;built-in method get of dict object at 0x7fec4c33e940&gt;(&apos;example&apos;)
 +    where &lt;built-in method get of dict object at 0x7fec4c33e940&gt; = {&apos;description&apos;: &apos;Grupo&apos;, &apos;discriminator&apos;: &apos;group&apos;, &apos;properties&apos;: {&apos;group_id&apos;: {&apos;type&apos;: &apos;integer&apos;}, &apos;name&apos;: {&apos;type&apos;: &apos;string&apos;}}, &apos;type&apos;: &apos;object&apos;}.get
 +      where {&apos;description&apos;: &apos;Grupo&apos;, &apos;discriminator&apos;: &apos;group&apos;, &apos;properties&apos;: {&apos;group_id&apos;: {&apos;type&apos;: &apos;integer&apos;}, &apos;name&apos;: {&apos;type&apos;: &apos;string&apos;}}, &apos;type&apos;: &apos;object&apos;} = &lt;built-in method get of dict object at 0x7fec4c50e480&gt;(&apos;Group&apos;)
 +        where &lt;built-in method get of dict object at 0x7fec4c50e480&gt; = {&apos;Agent&apos;: {&apos;description&apos;: &apos;Agente&apos;, &apos;discriminator&apos;: &apos;agent&apos;, &apos;properties&apos;: {&apos;address&apos;: {&apos;type&apos;: &apos;string&apos;}, &apos;agent_id&apos;...minator&apos;: &apos;group&apos;, &apos;properties&apos;: {&apos;group_id&apos;: {&apos;type&apos;: &apos;integer&apos;}, &apos;name&apos;: {&apos;type&apos;: &apos;string&apos;}}, &apos;type&apos;: &apos;object&apos;}, ...}.get
 +          where {&apos;Agent&apos;: {&apos;description&apos;: &apos;Agente&apos;, &apos;discriminator&apos;: &apos;agent&apos;, &apos;properties&apos;: {&apos;address&apos;: {&apos;type&apos;: &apos;string&apos;}, &apos;agent_id&apos;...minator&apos;: &apos;group&apos;, &apos;properties&apos;: {&apos;group_id&apos;: {&apos;type&apos;: &apos;integer&apos;}, &apos;name&apos;: {&apos;type&apos;: &apos;string&apos;}}, &apos;type&apos;: &apos;object&apos;}, ...} = &lt;built-in method get of dict object at 0x7fec4c50e5c0&gt;(&apos;types&apos;)
 +            where &lt;built-in method get of dict object at 0x7fec4c50e5c0&gt; = {&apos;/agents&apos;: {&apos;/{id}&apos;: {&apos;delete&apos;: {&apos;description&apos;: &apos;Método que exclui um agente especifico&apos;, &apos;responses&apos;: {200: {&apos;body&apos;:...ple&apos;: {...}, &apos;type&apos;: &apos;Mensagem&apos;}}, 405: {&apos;body&apos;: {&apos;example&apos;: {...}, &apos;type&apos;: &apos;Mensagem&apos;}}}, &apos;securedBy&apos;: [&apos;JWT&apos;]}}, ...}.get">E   AssertionError: assert None
     +  where None = &lt;built-in method get of dict object at 0x7fec4c33e940&gt;(&apos;example&apos;)
     +    where &lt;built-in method get of dict object at 0x7fec4c33e940&gt; = {&apos;description&apos;: &apos;Grupo&apos;, &apos;discriminator&apos;: &apos;group&apos;, &apos;properties&apos;: {&apos;group_id&apos;: {&apos;type&apos;: &apos;integer&apos;}, &apos;name&apos;: {&apos;type&apos;: &apos;string&apos;}}, &apos;type&apos;: &apos;object&apos;}.get
     +      where {&apos;description&apos;: &apos;Grupo&apos;, &apos;discriminator&apos;: &apos;group&apos;, &apos;properties&apos;: {&apos;group_id&apos;: {&apos;type&apos;: &apos;integer&apos;}, &apos;name&apos;: {&apos;type&apos;: &apos;string&apos;}}, &apos;type&apos;: &apos;object&apos;} = &lt;built-in method get of dict object at 0x7fec4c50e480&gt;(&apos;Group&apos;)
     +        where &lt;built-in method get of dict object at 0x7fec4c50e480&gt; = {&apos;Agent&apos;: {&apos;description&apos;: &apos;Agente&apos;, &apos;discriminator&apos;: &apos;agent&apos;, &apos;properties&apos;: {&apos;address&apos;: {&apos;type&apos;: &apos;string&apos;}, &apos;agent_id&apos;...minator&apos;: &apos;group&apos;, &apos;properties&apos;: {&apos;group_id&apos;: {&apos;type&apos;: &apos;integer&apos;}, &apos;name&apos;: {&apos;type&apos;: &apos;string&apos;}}, &apos;type&apos;: &apos;object&apos;}, ...}.get
     +          where {&apos;Agent&apos;: {&apos;description&apos;: &apos;Agente&apos;, &apos;discriminator&apos;: &apos;agent&apos;, &apos;properties&apos;: {&apos;address&apos;: {&apos;type&apos;: &apos;string&apos;}, &apos;agent_id&apos;...minator&apos;: &apos;group&apos;, &apos;properties&apos;: {&apos;group_id&apos;: {&apos;type&apos;: &apos;integer&apos;}, &apos;name&apos;: {&apos;type&apos;: &apos;string&apos;}}, &apos;type&apos;: &apos;object&apos;}, ...} = &lt;built-in method get of dict object at 0x7fec4c50e5c0&gt;(&apos;types&apos;)
     +            where &lt;built-in method get of dict object at 0x7fec4c50e5c0&gt; = {&apos;/agents&apos;: {&apos;/{id}&apos;: {&apos;delete&apos;: {&apos;description&apos;: &apos;Método que exclui um agente especifico&apos;, &apos;responses&apos;: {200: {&apos;body&apos;:...ple&apos;: {...}, &apos;type&apos;: &apos;Mensagem&apos;}}, 405: {&apos;body&apos;: {&apos;example&apos;: {...}, &apos;type&apos;: &apos;Mensagem&apos;}}}, &apos;securedBy&apos;: [&apos;JWT&apos;]}}, ...}.get</failure></testcase><testcase classname="test_submit" file="test_submit.py" line="232" name="test_2845" time="0.000743865966796875"><failure message="AttributeError: &apos;NoneType&apos; object has no attribute &apos;get&apos;">E   AttributeError: &apos;NoneType&apos; object has no attribute &apos;get&apos;</failure></testcase><testcase classname="test_submit" file="test_submit.py" line="240" name="test_502" time="0.0011858940124511719"></testcase><testcase classname="test_submit" file="test_submit.py" line="244" name="test_1325" time="0.00048089027404785156"></testcase><testcase classname="test_submit" file="test_submit.py" line="248" name="test_1670" time="0.0004978179931640625"></testcase><testcase classname="test_submit" file="test_submit.py" line="252" name="test_1091" time="0.0005156993865966797"></testcase><testcase classname="test_submit" file="test_submit.py" line="256" name="test_2455" time="0.0005123615264892578"></testcase><testcase classname="test_submit" file="test_submit.py" line="260" name="test_2975" time="0.0005290508270263672"></testcase><testcase classname="test_submit" file="test_submit.py" line="264" name="test_2230" time="0.0005357265472412109"></testcase><testcase classname="test_submit" file="test_submit.py" line="272" name="test_2670" time="0.0030748844146728516"><failure message="AssertionError: assert None
 +  where None = &lt;built-in method get of dict object at 0x7fec4c344640&gt;(&apos;group_id&apos;)
 +    where &lt;built-in method get of dict object at 0x7fec4c344640&gt; = {&apos;email&apos;: {&apos;type&apos;: &apos;string&apos;}, &apos;last_login&apos;: {&apos;example&apos;: datetime.date(2015, 5, 23), &apos;type&apos;: &apos;date-only&apos;}, &apos;name&apos;: {&apos;type&apos;: &apos;string&apos;}, &apos;password&apos;: {&apos;type&apos;: &apos;string&apos;}, ...}.get
 +      where {&apos;email&apos;: {&apos;type&apos;: &apos;string&apos;}, &apos;last_login&apos;: {&apos;example&apos;: datetime.date(2015, 5, 23), &apos;type&apos;: &apos;date-only&apos;}, &apos;name&apos;: {&apos;type&apos;: &apos;string&apos;}, &apos;password&apos;: {&apos;type&apos;: &apos;string&apos;}, ...} = &lt;built-in method get of dict object at 0x7fec4c33ee40&gt;(&apos;properties&apos;)
 +        where &lt;built-in method get of dict object at 0x7fec4c33ee40&gt; = {&apos;description&apos;: &apos;Usuário&apos;, &apos;discriminator&apos;: &apos;user&apos;, &apos;properties&apos;: {&apos;email&apos;: {&apos;type&apos;: &apos;string&apos;}, &apos;last_login&apos;: {&apos;exampl...2015, 5, 23), &apos;type&apos;: &apos;date-only&apos;}, &apos;name&apos;: {&apos;type&apos;: &apos;string&apos;}, &apos;password&apos;: {&apos;type&apos;: &apos;string&apos;}, ...}, &apos;type&apos;: &apos;object&apos;}.get
 +          where {&apos;description&apos;: &apos;Usuário&apos;, &apos;discriminator&apos;: &apos;user&apos;, &apos;properties&apos;: {&apos;email&apos;: {&apos;type&apos;: &apos;string&apos;}, &apos;last_login&apos;: {&apos;exampl...2015, 5, 23), &apos;type&apos;: &apos;date-only&apos;}, &apos;name&apos;: {&apos;type&apos;: &apos;string&apos;}, &apos;password&apos;: {&apos;type&apos;: &apos;string&apos;}, ...}, &apos;type&apos;: &apos;object&apos;} = &lt;built-in method get of dict object at 0x7fec4c50e480&gt;(&apos;User&apos;)
 +            where &lt;built-in method get of dict object at 0x7fec4c50e480&gt; = {&apos;Agent&apos;: {&apos;description&apos;: &apos;Agente&apos;, &apos;discriminator&apos;: &apos;agent&apos;, &apos;properties&apos;: {&apos;address&apos;: {&apos;type&apos;: &apos;string&apos;}, &apos;agent_id&apos;...minator&apos;: &apos;group&apos;, &apos;properties&apos;: {&apos;group_id&apos;: {&apos;type&apos;: &apos;integer&apos;}, &apos;name&apos;: {&apos;type&apos;: &apos;string&apos;}}, &apos;type&apos;: &apos;object&apos;}, ...}.get
 +              where {&apos;Agent&apos;: {&apos;description&apos;: &apos;Agente&apos;, &apos;discriminator&apos;: &apos;agent&apos;, &apos;properties&apos;: {&apos;address&apos;: {&apos;type&apos;: &apos;string&apos;}, &apos;agent_id&apos;...minator&apos;: &apos;group&apos;, &apos;properties&apos;: {&apos;group_id&apos;: {&apos;type&apos;: &apos;integer&apos;}, &apos;name&apos;: {&apos;type&apos;: &apos;string&apos;}}, &apos;type&apos;: &apos;object&apos;}, ...} = &lt;built-in method get of dict object at 0x7fec4c50e5c0&gt;(&apos;types&apos;)
 +                where &lt;built-in method get of dict object at 0x7fec4c50e5c0&gt; = {&apos;/agents&apos;: {&apos;/{id}&apos;: {&apos;delete&apos;: {&apos;description&apos;: &apos;Método que exclui um agente especifico&apos;, &apos;responses&apos;: {200: {&apos;body&apos;:...ple&apos;: {...}, &apos;type&apos;: &apos;Mensagem&apos;}}, 405: {&apos;body&apos;: {&apos;example&apos;: {...}, &apos;type&apos;: &apos;Mensagem&apos;}}}, &apos;securedBy&apos;: [&apos;JWT&apos;]}}, ...}.get">E   AssertionError: assert None
     +  where None = &lt;built-in method get of dict object at 0x7fec4c344640&gt;(&apos;group_id&apos;)
     +    where &lt;built-in method get of dict object at 0x7fec4c344640&gt; = {&apos;email&apos;: {&apos;type&apos;: &apos;string&apos;}, &apos;last_login&apos;: {&apos;example&apos;: datetime.date(2015, 5, 23), &apos;type&apos;: &apos;date-only&apos;}, &apos;name&apos;: {&apos;type&apos;: &apos;string&apos;}, &apos;password&apos;: {&apos;type&apos;: &apos;string&apos;}, ...}.get
     +      where {&apos;email&apos;: {&apos;type&apos;: &apos;string&apos;}, &apos;last_login&apos;: {&apos;example&apos;: datetime.date(2015, 5, 23), &apos;type&apos;: &apos;date-only&apos;}, &apos;name&apos;: {&apos;type&apos;: &apos;string&apos;}, &apos;password&apos;: {&apos;type&apos;: &apos;string&apos;}, ...} = &lt;built-in method get of dict object at 0x7fec4c33ee40&gt;(&apos;properties&apos;)
     +        where &lt;built-in method get of dict object at 0x7fec4c33ee40&gt; = {&apos;description&apos;: &apos;Usuário&apos;, &apos;discriminator&apos;: &apos;user&apos;, &apos;properties&apos;: {&apos;email&apos;: {&apos;type&apos;: &apos;string&apos;}, &apos;last_login&apos;: {&apos;exampl...2015, 5, 23), &apos;type&apos;: &apos;date-only&apos;}, &apos;name&apos;: {&apos;type&apos;: &apos;string&apos;}, &apos;password&apos;: {&apos;type&apos;: &apos;string&apos;}, ...}, &apos;type&apos;: &apos;object&apos;}.get
     +          where {&apos;description&apos;: &apos;Usuário&apos;, &apos;discriminator&apos;: &apos;user&apos;, &apos;properties&apos;: {&apos;email&apos;: {&apos;type&apos;: &apos;string&apos;}, &apos;last_login&apos;: {&apos;exampl...2015, 5, 23), &apos;type&apos;: &apos;date-only&apos;}, &apos;name&apos;: {&apos;type&apos;: &apos;string&apos;}, &apos;password&apos;: {&apos;type&apos;: &apos;string&apos;}, ...}, &apos;type&apos;: &apos;object&apos;} = &lt;built-in method get of dict object at 0x7fec4c50e480&gt;(&apos;User&apos;)
     +            where &lt;built-in method get of dict object at 0x7fec4c50e480&gt; = {&apos;Agent&apos;: {&apos;description&apos;: &apos;Agente&apos;, &apos;discriminator&apos;: &apos;agent&apos;, &apos;properties&apos;: {&apos;address&apos;: {&apos;type&apos;: &apos;string&apos;}, &apos;agent_id&apos;...minator&apos;: &apos;group&apos;, &apos;properties&apos;: {&apos;group_id&apos;: {&apos;type&apos;: &apos;integer&apos;}, &apos;name&apos;: {&apos;type&apos;: &apos;string&apos;}}, &apos;type&apos;: &apos;object&apos;}, ...}.get
     +              where {&apos;Agent&apos;: {&apos;description&apos;: &apos;Agente&apos;, &apos;discriminator&apos;: &apos;agent&apos;, &apos;properties&apos;: {&apos;address&apos;: {&apos;type&apos;: &apos;string&apos;}, &apos;agent_id&apos;...minator&apos;: &apos;group&apos;, &apos;properties&apos;: {&apos;group_id&apos;: {&apos;type&apos;: &apos;integer&apos;}, &apos;name&apos;: {&apos;type&apos;: &apos;string&apos;}}, &apos;type&apos;: &apos;object&apos;}, ...} = &lt;built-in method get of dict object at 0x7fec4c50e5c0&gt;(&apos;types&apos;)
     +                where &lt;built-in method get of dict object at 0x7fec4c50e5c0&gt; = {&apos;/agents&apos;: {&apos;/{id}&apos;: {&apos;delete&apos;: {&apos;description&apos;: &apos;Método que exclui um agente especifico&apos;, &apos;responses&apos;: {200: {&apos;body&apos;:...ple&apos;: {...}, &apos;type&apos;: &apos;Mensagem&apos;}}, 405: {&apos;body&apos;: {&apos;example&apos;: {...}, &apos;type&apos;: &apos;Mensagem&apos;}}}, &apos;securedBy&apos;: [&apos;JWT&apos;]}}, ...}.get</failure></testcase><testcase classname="test_submit" file="test_submit.py" line="276" name="test_638" time="0.0005230903625488281"></testcase><testcase classname="test_submit" file="test_submit.py" line="280" name="test_1358" time="0.0007193088531494141"></testcase><testcase classname="test_submit" file="test_submit.py" line="288" name="test_2365" time="0.0008916854858398438"></testcase><testcase classname="test_submit" file="test_submit.py" line="292" name="test_2715" time="0.001705169677734375"></testcase><testcase classname="test_submit" file="test_submit.py" line="300" name="test_1121" time="0.0010564327239990234"></testcase><testcase classname="test_submit" file="test_submit.py" line="304" name="test_2105" time="0.0007555484771728516"></testcase><testcase classname="test_submit" file="test_submit.py" line="308" name="test_2065" time="0.0007808208465576172"></testcase><testcase classname="test_submit" file="test_submit.py" line="312" name="test_2930" time="0.0007421970367431641"></testcase><testcase classname="test_submit" file="test_submit.py" line="316" name="test_2925" time="0.0007340908050537109"></testcase><testcase classname="test_submit" file="test_submit.py" line="320" name="test_746" time="0.0008060932159423828"></testcase><testcase classname="test_submit" file="test_submit.py" line="324" name="test_1442" time="0.0006427764892578125"></testcase><testcase classname="test_submit" file="test_submit.py" line="328" name="test_1826" time="0.0006585121154785156"></testcase><testcase classname="test_submit" file="test_submit.py" line="332" name="test_1382" time="0.0006976127624511719"></testcase><testcase classname="test_submit" file="test_submit.py" line="344" name="test_2290" time="0.0008015632629394531"><failure message="AttributeError: &apos;NoneType&apos; object has no attribute &apos;get&apos;">E   AttributeError: &apos;NoneType&apos; object has no attribute &apos;get&apos;</failure></testcase><testcase classname="test_submit" file="test_submit.py" line="348" name="test_1055" time="0.0008189678192138672"></testcase><testcase classname="test_submit" file="test_submit.py" line="356" name="test_2030" time="0.0008146762847900391"></testcase><testcase classname="test_submit" file="test_submit.py" line="364" name="test_2200" time="0.0007476806640625"></testcase><testcase classname="test_submit" file="test_submit.py" line="368" name="test_916" time="0.0008633136749267578"></testcase><testcase classname="test_submit" file="test_submit.py" line="372" name="test_1409" time="0.0013256072998046875"></testcase><testcase classname="test_submit" file="test_submit.py" line="380" name="test_1292" time="0.0016372203826904297"></testcase><testcase classname="test_submit" file="test_submit.py" line="384" name="test_2530" time="0.0007550716400146484"></testcase><testcase classname="test_submit" file="test_submit.py" line="388" name="test_2140" time="0.000858306884765625"></testcase><testcase classname="test_submit" file="test_submit.py" line="392" name="test_664" time="0.0008625984191894531"></testcase><testcase classname="test_submit" file="test_submit.py" line="396" name="test_1313" time="0.0008056163787841797"></testcase><testcase classname="test_submit" file="test_submit.py" line="400" name="test_2755" time="0.0008332729339599609"></testcase><testcase classname="test_submit" file="test_submit.py" line="404" name="test_2305" time="0.0008418560028076172"></testcase><testcase classname="test_submit" file="test_submit.py" line="412" name="test_2965" time="0.0016410350799560547"></testcase><testcase classname="test_submit" file="test_submit.py" line="416" name="test_2060" time="0.0007517337799072266"></testcase><testcase classname="test_submit" file="test_submit.py" line="420" name="test_2625" time="0.0007128715515136719"></testcase><testcase classname="test_submit" file="test_submit.py" line="424" name="test_1295" time="0.0007510185241699219"></testcase><testcase classname="test_submit" file="test_submit.py" line="432" name="test_2555" time="0.0007967948913574219"></testcase><testcase classname="test_submit" file="test_submit.py" line="436" name="test_2610" time="0.0010311603546142578"></testcase><testcase classname="test_submit" file="test_submit.py" line="444" name="test_2295" time="0.002008676528930664"></testcase><testcase classname="test_submit" file="test_submit.py" line="448" name="test_2800" time="0.0010328292846679688"></testcase><testcase classname="test_submit" file="test_submit.py" line="452" name="test_1460" time="0.0007135868072509766"></testcase><testcase classname="test_submit" file="test_submit.py" line="456" name="test_2745" time="0.0007402896881103516"></testcase><testcase classname="test_submit" file="test_submit.py" line="464" name="test_2990" time="0.0006926059722900391"></testcase><testcase classname="test_submit" file="test_submit.py" line="476" name="test_2510" time="0.0006914138793945312"></testcase><testcase classname="test_submit" file="test_submit.py" line="480" name="test_934" time="0.0007107257843017578"></testcase><testcase classname="test_submit" file="test_submit.py" line="484" name="test_1130" time="0.0006947517395019531"></testcase><testcase classname="test_submit" file="test_submit.py" line="492" name="test_2810" time="0.000698089599609375"></testcase><testcase classname="test_submit" file="test_submit.py" line="500" name="test_2695" time="0.005419492721557617"><failure message="AssertionError: assert None
 +  where None = &lt;built-in method get of dict object at 0x7fec4c336fc0&gt;(&apos;application/json&apos;)
 +    where &lt;built-in method get of dict object at 0x7fec4c336fc0&gt; = {&apos;type&apos;: &apos;Agent&apos;}.get
 +      where {&apos;type&apos;: &apos;Agent&apos;} = &lt;built-in method get of dict object at 0x7fec4c3448c0&gt;(&apos;body&apos;)
 +        where &lt;built-in method get of dict object at 0x7fec4c3448c0&gt; = {&apos;body&apos;: {&apos;type&apos;: &apos;Agent&apos;}, &apos;description&apos;: &apos;Método que inclui um novo agente&apos;, &apos;responses&apos;: {201: {&apos;body&apos;: {&apos;example&apos;:...nsagem&apos;}}, 405: {&apos;body&apos;: {&apos;example&apos;: {&apos;mensagem&apos;: &apos;Metodo não permitido&apos;}, &apos;type&apos;: &apos;Mensagem&apos;}}}, &apos;securedBy&apos;: [&apos;JWT&apos;]}.get
 +          where {&apos;body&apos;: {&apos;type&apos;: &apos;Agent&apos;}, &apos;description&apos;: &apos;Método que inclui um novo agente&apos;, &apos;responses&apos;: {201: {&apos;body&apos;: {&apos;example&apos;:...nsagem&apos;}}, 405: {&apos;body&apos;: {&apos;example&apos;: {&apos;mensagem&apos;: &apos;Metodo não permitido&apos;}, &apos;type&apos;: &apos;Mensagem&apos;}}}, &apos;securedBy&apos;: [&apos;JWT&apos;]} = &lt;built-in method get of dict object at 0x7fec4c344340&gt;(&apos;post&apos;)
 +            where &lt;built-in method get of dict object at 0x7fec4c344340&gt; = {&apos;delete&apos;: {&apos;responses&apos;: {200: {&apos;body&apos;: {&apos;example&apos;: {&apos;mensagem&apos;: &apos;Operação realizada com sucesso&apos;}, &apos;type&apos;: &apos;Mensagem&apos;...: &apos;Mensagem&apos;}}, 404: {&apos;body&apos;: {&apos;example&apos;: {&apos;mensagem&apos;: &apos;Não encontrado&apos;}, &apos;type&apos;: &apos;Mensagem&apos;}}}, &apos;securedBy&apos;: [&apos;JWT&apos;]}}.get
 +              where {&apos;delete&apos;: {&apos;responses&apos;: {200: {&apos;body&apos;: {&apos;example&apos;: {&apos;mensagem&apos;: &apos;Operação realizada com sucesso&apos;}, &apos;type&apos;: &apos;Mensagem&apos;...: &apos;Mensagem&apos;}}, 404: {&apos;body&apos;: {&apos;example&apos;: {&apos;mensagem&apos;: &apos;Não encontrado&apos;}, &apos;type&apos;: &apos;Mensagem&apos;}}}, &apos;securedBy&apos;: [&apos;JWT&apos;]}} = &lt;built-in method get of dict object at 0x7fec4c35f080&gt;(&apos;/{id}/events&apos;)
 +                where &lt;built-in method get of dict object at 0x7fec4c35f080&gt; = {&apos;/{id}&apos;: {&apos;delete&apos;: {&apos;description&apos;: &apos;Método que exclui um agente especifico&apos;, &apos;responses&apos;: {200: {&apos;body&apos;: {&apos;example&apos;:...sagem&apos;}}, 405: {&apos;body&apos;: {&apos;example&apos;: {&apos;mensagem&apos;: &apos;Metodo não permitido&apos;}, &apos;type&apos;: &apos;Mensagem&apos;}}}, &apos;securedBy&apos;: [&apos;JWT&apos;]}}.get
 +                  where {&apos;/{id}&apos;: {&apos;delete&apos;: {&apos;description&apos;: &apos;Método que exclui um agente especifico&apos;, &apos;responses&apos;: {200: {&apos;body&apos;: {&apos;example&apos;:...sagem&apos;}}, 405: {&apos;body&apos;: {&apos;example&apos;: {&apos;mensagem&apos;: &apos;Metodo não permitido&apos;}, &apos;type&apos;: &apos;Mensagem&apos;}}}, &apos;securedBy&apos;: [&apos;JWT&apos;]}} = &lt;built-in method get of dict object at 0x7fec4c50e5c0&gt;(&apos;/agents&apos;)
 +                    where &lt;built-in method get of dict object at 0x7fec4c50e5c0&gt; = {&apos;/agents&apos;: {&apos;/{id}&apos;: {&apos;delete&apos;: {&apos;description&apos;: &apos;Método que exclui um agente especifico&apos;, &apos;responses&apos;: {200: {&apos;body&apos;:...ple&apos;: {...}, &apos;type&apos;: &apos;Mensagem&apos;}}, 405: {&apos;body&apos;: {&apos;example&apos;: {...}, &apos;type&apos;: &apos;Mensagem&apos;}}}, &apos;securedBy&apos;: [&apos;JWT&apos;]}}, ...}.get">E   AssertionError: assert None
     +  where None = &lt;built-in method get of dict object at 0x7fec4c336fc0&gt;(&apos;application/json&apos;)
     +    where &lt;built-in method get of dict object at 0x7fec4c336fc0&gt; = {&apos;type&apos;: &apos;Agent&apos;}.get
     +      where {&apos;type&apos;: &apos;Agent&apos;} = &lt;built-in method get of dict object at 0x7fec4c3448c0&gt;(&apos;body&apos;)
     +        where &lt;built-in method get of dict object at 0x7fec4c3448c0&gt; = {&apos;body&apos;: {&apos;type&apos;: &apos;Agent&apos;}, &apos;description&apos;: &apos;Método que inclui um novo agente&apos;, &apos;responses&apos;: {201: {&apos;body&apos;: {&apos;example&apos;:...nsagem&apos;}}, 405: {&apos;body&apos;: {&apos;example&apos;: {&apos;mensagem&apos;: &apos;Metodo não permitido&apos;}, &apos;type&apos;: &apos;Mensagem&apos;}}}, &apos;securedBy&apos;: [&apos;JWT&apos;]}.get
     +          where {&apos;body&apos;: {&apos;type&apos;: &apos;Agent&apos;}, &apos;description&apos;: &apos;Método que inclui um novo agente&apos;, &apos;responses&apos;: {201: {&apos;body&apos;: {&apos;example&apos;:...nsagem&apos;}}, 405: {&apos;body&apos;: {&apos;example&apos;: {&apos;mensagem&apos;: &apos;Metodo não permitido&apos;}, &apos;type&apos;: &apos;Mensagem&apos;}}}, &apos;securedBy&apos;: [&apos;JWT&apos;]} = &lt;built-in method get of dict object at 0x7fec4c344340&gt;(&apos;post&apos;)
     +            where &lt;built-in method get of dict object at 0x7fec4c344340&gt; = {&apos;delete&apos;: {&apos;responses&apos;: {200: {&apos;body&apos;: {&apos;example&apos;: {&apos;mensagem&apos;: &apos;Operação realizada com sucesso&apos;}, &apos;type&apos;: &apos;Mensagem&apos;...: &apos;Mensagem&apos;}}, 404: {&apos;body&apos;: {&apos;example&apos;: {&apos;mensagem&apos;: &apos;Não encontrado&apos;}, &apos;type&apos;: &apos;Mensagem&apos;}}}, &apos;securedBy&apos;: [&apos;JWT&apos;]}}.get
     +              where {&apos;delete&apos;: {&apos;responses&apos;: {200: {&apos;body&apos;: {&apos;example&apos;: {&apos;mensagem&apos;: &apos;Operação realizada com sucesso&apos;}, &apos;type&apos;: &apos;Mensagem&apos;...: &apos;Mensagem&apos;}}, 404: {&apos;body&apos;: {&apos;example&apos;: {&apos;mensagem&apos;: &apos;Não encontrado&apos;}, &apos;type&apos;: &apos;Mensagem&apos;}}}, &apos;securedBy&apos;: [&apos;JWT&apos;]}} = &lt;built-in method get of dict object at 0x7fec4c35f080&gt;(&apos;/{id}/events&apos;)
     +                where &lt;built-in method get of dict object at 0x7fec4c35f080&gt; = {&apos;/{id}&apos;: {&apos;delete&apos;: {&apos;description&apos;: &apos;Método que exclui um agente especifico&apos;, &apos;responses&apos;: {200: {&apos;body&apos;: {&apos;example&apos;:...sagem&apos;}}, 405: {&apos;body&apos;: {&apos;example&apos;: {&apos;mensagem&apos;: &apos;Metodo não permitido&apos;}, &apos;type&apos;: &apos;Mensagem&apos;}}}, &apos;securedBy&apos;: [&apos;JWT&apos;]}}.get
     +                  where {&apos;/{id}&apos;: {&apos;delete&apos;: {&apos;description&apos;: &apos;Método que exclui um agente especifico&apos;, &apos;responses&apos;: {200: {&apos;body&apos;: {&apos;example&apos;:...sagem&apos;}}, 405: {&apos;body&apos;: {&apos;example&apos;: {&apos;mensagem&apos;: &apos;Metodo não permitido&apos;}, &apos;type&apos;: &apos;Mensagem&apos;}}}, &apos;securedBy&apos;: [&apos;JWT&apos;]}} = &lt;built-in method get of dict object at 0x7fec4c50e5c0&gt;(&apos;/agents&apos;)
     +                    where &lt;built-in method get of dict object at 0x7fec4c50e5c0&gt; = {&apos;/agents&apos;: {&apos;/{id}&apos;: {&apos;delete&apos;: {&apos;description&apos;: &apos;Método que exclui um agente especifico&apos;, &apos;responses&apos;: {200: {&apos;body&apos;:...ple&apos;: {...}, &apos;type&apos;: &apos;Mensagem&apos;}}, 405: {&apos;body&apos;: {&apos;example&apos;: {...}, &apos;type&apos;: &apos;Mensagem&apos;}}}, &apos;securedBy&apos;: [&apos;JWT&apos;]}}, ...}.get</failure></testcase><testcase classname="test_submit" file="test_submit.py" line="508" name="test_2645" time="0.00526118278503418"><failure message="AssertionError: assert None
 +  where None = &lt;built-in method get of dict object at 0x7fec4c336fc0&gt;(201)
 +    where &lt;built-in method get of dict object at 0x7fec4c336fc0&gt; = {&apos;type&apos;: &apos;Agent&apos;}.get
 +      where {&apos;type&apos;: &apos;Agent&apos;} = &lt;built-in method get of dict object at 0x7fec4c3448c0&gt;(&apos;body&apos;)
 +        where &lt;built-in method get of dict object at 0x7fec4c3448c0&gt; = {&apos;body&apos;: {&apos;type&apos;: &apos;Agent&apos;}, &apos;description&apos;: &apos;Método que inclui um novo agente&apos;, &apos;responses&apos;: {201: {&apos;body&apos;: {&apos;example&apos;:...nsagem&apos;}}, 405: {&apos;body&apos;: {&apos;example&apos;: {&apos;mensagem&apos;: &apos;Metodo não permitido&apos;}, &apos;type&apos;: &apos;Mensagem&apos;}}}, &apos;securedBy&apos;: [&apos;JWT&apos;]}.get
 +          where {&apos;body&apos;: {&apos;type&apos;: &apos;Agent&apos;}, &apos;description&apos;: &apos;Método que inclui um novo agente&apos;, &apos;responses&apos;: {201: {&apos;body&apos;: {&apos;example&apos;:...nsagem&apos;}}, 405: {&apos;body&apos;: {&apos;example&apos;: {&apos;mensagem&apos;: &apos;Metodo não permitido&apos;}, &apos;type&apos;: &apos;Mensagem&apos;}}}, &apos;securedBy&apos;: [&apos;JWT&apos;]} = &lt;built-in method get of dict object at 0x7fec4c344340&gt;(&apos;post&apos;)
 +            where &lt;built-in method get of dict object at 0x7fec4c344340&gt; = {&apos;delete&apos;: {&apos;responses&apos;: {200: {&apos;body&apos;: {&apos;example&apos;: {&apos;mensagem&apos;: &apos;Operação realizada com sucesso&apos;}, &apos;type&apos;: &apos;Mensagem&apos;...: &apos;Mensagem&apos;}}, 404: {&apos;body&apos;: {&apos;example&apos;: {&apos;mensagem&apos;: &apos;Não encontrado&apos;}, &apos;type&apos;: &apos;Mensagem&apos;}}}, &apos;securedBy&apos;: [&apos;JWT&apos;]}}.get
 +              where {&apos;delete&apos;: {&apos;responses&apos;: {200: {&apos;body&apos;: {&apos;example&apos;: {&apos;mensagem&apos;: &apos;Operação realizada com sucesso&apos;}, &apos;type&apos;: &apos;Mensagem&apos;...: &apos;Mensagem&apos;}}, 404: {&apos;body&apos;: {&apos;example&apos;: {&apos;mensagem&apos;: &apos;Não encontrado&apos;}, &apos;type&apos;: &apos;Mensagem&apos;}}}, &apos;securedBy&apos;: [&apos;JWT&apos;]}} = &lt;built-in method get of dict object at 0x7fec4c35f080&gt;(&apos;/{id}/events&apos;)
 +                where &lt;built-in method get of dict object at 0x7fec4c35f080&gt; = {&apos;/{id}&apos;: {&apos;delete&apos;: {&apos;description&apos;: &apos;Método que exclui um agente especifico&apos;, &apos;responses&apos;: {200: {&apos;body&apos;: {&apos;example&apos;:...sagem&apos;}}, 405: {&apos;body&apos;: {&apos;example&apos;: {&apos;mensagem&apos;: &apos;Metodo não permitido&apos;}, &apos;type&apos;: &apos;Mensagem&apos;}}}, &apos;securedBy&apos;: [&apos;JWT&apos;]}}.get
 +                  where {&apos;/{id}&apos;: {&apos;delete&apos;: {&apos;description&apos;: &apos;Método que exclui um agente especifico&apos;, &apos;responses&apos;: {200: {&apos;body&apos;: {&apos;example&apos;:...sagem&apos;}}, 405: {&apos;body&apos;: {&apos;example&apos;: {&apos;mensagem&apos;: &apos;Metodo não permitido&apos;}, &apos;type&apos;: &apos;Mensagem&apos;}}}, &apos;securedBy&apos;: [&apos;JWT&apos;]}} = &lt;built-in method get of dict object at 0x7fec4c50e5c0&gt;(&apos;/agents&apos;)
 +                    where &lt;built-in method get of dict object at 0x7fec4c50e5c0&gt; = {&apos;/agents&apos;: {&apos;/{id}&apos;: {&apos;delete&apos;: {&apos;description&apos;: &apos;Método que exclui um agente especifico&apos;, &apos;responses&apos;: {200: {&apos;body&apos;:...ple&apos;: {...}, &apos;type&apos;: &apos;Mensagem&apos;}}, 405: {&apos;body&apos;: {&apos;example&apos;: {...}, &apos;type&apos;: &apos;Mensagem&apos;}}}, &apos;securedBy&apos;: [&apos;JWT&apos;]}}, ...}.get">E   AssertionError: assert None
     +  where None = &lt;built-in method get of dict object at 0x7fec4c336fc0&gt;(201)
     +    where &lt;built-in method get of dict object at 0x7fec4c336fc0&gt; = {&apos;type&apos;: &apos;Agent&apos;}.get
     +      where {&apos;type&apos;: &apos;Agent&apos;} = &lt;built-in method get of dict object at 0x7fec4c3448c0&gt;(&apos;body&apos;)
     +        where &lt;built-in method get of dict object at 0x7fec4c3448c0&gt; = {&apos;body&apos;: {&apos;type&apos;: &apos;Agent&apos;}, &apos;description&apos;: &apos;Método que inclui um novo agente&apos;, &apos;responses&apos;: {201: {&apos;body&apos;: {&apos;example&apos;:...nsagem&apos;}}, 405: {&apos;body&apos;: {&apos;example&apos;: {&apos;mensagem&apos;: &apos;Metodo não permitido&apos;}, &apos;type&apos;: &apos;Mensagem&apos;}}}, &apos;securedBy&apos;: [&apos;JWT&apos;]}.get
     +          where {&apos;body&apos;: {&apos;type&apos;: &apos;Agent&apos;}, &apos;description&apos;: &apos;Método que inclui um novo agente&apos;, &apos;responses&apos;: {201: {&apos;body&apos;: {&apos;example&apos;:...nsagem&apos;}}, 405: {&apos;body&apos;: {&apos;example&apos;: {&apos;mensagem&apos;: &apos;Metodo não permitido&apos;}, &apos;type&apos;: &apos;Mensagem&apos;}}}, &apos;securedBy&apos;: [&apos;JWT&apos;]} = &lt;built-in method get of dict object at 0x7fec4c344340&gt;(&apos;post&apos;)
     +            where &lt;built-in method get of dict object at 0x7fec4c344340&gt; = {&apos;delete&apos;: {&apos;responses&apos;: {200: {&apos;body&apos;: {&apos;example&apos;: {&apos;mensagem&apos;: &apos;Operação realizada com sucesso&apos;}, &apos;type&apos;: &apos;Mensagem&apos;...: &apos;Mensagem&apos;}}, 404: {&apos;body&apos;: {&apos;example&apos;: {&apos;mensagem&apos;: &apos;Não encontrado&apos;}, &apos;type&apos;: &apos;Mensagem&apos;}}}, &apos;securedBy&apos;: [&apos;JWT&apos;]}}.get
     +              where {&apos;delete&apos;: {&apos;responses&apos;: {200: {&apos;body&apos;: {&apos;example&apos;: {&apos;mensagem&apos;: &apos;Operação realizada com sucesso&apos;}, &apos;type&apos;: &apos;Mensagem&apos;...: &apos;Mensagem&apos;}}, 404: {&apos;body&apos;: {&apos;example&apos;: {&apos;mensagem&apos;: &apos;Não encontrado&apos;}, &apos;type&apos;: &apos;Mensagem&apos;}}}, &apos;securedBy&apos;: [&apos;JWT&apos;]}} = &lt;built-in method get of dict object at 0x7fec4c35f080&gt;(&apos;/{id}/events&apos;)
     +                where &lt;built-in method get of dict object at 0x7fec4c35f080&gt; = {&apos;/{id}&apos;: {&apos;delete&apos;: {&apos;description&apos;: &apos;Método que exclui um agente especifico&apos;, &apos;responses&apos;: {200: {&apos;body&apos;: {&apos;example&apos;:...sagem&apos;}}, 405: {&apos;body&apos;: {&apos;example&apos;: {&apos;mensagem&apos;: &apos;Metodo não permitido&apos;}, &apos;type&apos;: &apos;Mensagem&apos;}}}, &apos;securedBy&apos;: [&apos;JWT&apos;]}}.get
     +                  where {&apos;/{id}&apos;: {&apos;delete&apos;: {&apos;description&apos;: &apos;Método que exclui um agente especifico&apos;, &apos;responses&apos;: {200: {&apos;body&apos;: {&apos;example&apos;:...sagem&apos;}}, 405: {&apos;body&apos;: {&apos;example&apos;: {&apos;mensagem&apos;: &apos;Metodo não permitido&apos;}, &apos;type&apos;: &apos;Mensagem&apos;}}}, &apos;securedBy&apos;: [&apos;JWT&apos;]}} = &lt;built-in method get of dict object at 0x7fec4c50e5c0&gt;(&apos;/agents&apos;)
     +                    where &lt;built-in method get of dict object at 0x7fec4c50e5c0&gt; = {&apos;/agents&apos;: {&apos;/{id}&apos;: {&apos;delete&apos;: {&apos;description&apos;: &apos;Método que exclui um agente especifico&apos;, &apos;responses&apos;: {200: {&apos;body&apos;:...ple&apos;: {...}, &apos;type&apos;: &apos;Mensagem&apos;}}, 405: {&apos;body&apos;: {&apos;example&apos;: {...}, &apos;type&apos;: &apos;Mensagem&apos;}}}, &apos;securedBy&apos;: [&apos;JWT&apos;]}}, ...}.get</failure></testcase><testcase classname="test_submit" file="test_submit.py" line="512" name="test_2185" time="0.004937887191772461"><failure message="AssertionError: assert None
 +  where None = &lt;built-in method get of dict object at 0x7fec4c336fc0&gt;(401)
 +    where &lt;built-in method get of dict object at 0x7fec4c336fc0&gt; = {&apos;type&apos;: &apos;Agent&apos;}.get
 +      where {&apos;type&apos;: &apos;Agent&apos;} = &lt;built-in method get of dict object at 0x7fec4c3448c0&gt;(&apos;body&apos;)
 +        where &lt;built-in method get of dict object at 0x7fec4c3448c0&gt; = {&apos;body&apos;: {&apos;type&apos;: &apos;Agent&apos;}, &apos;description&apos;: &apos;Método que inclui um novo agente&apos;, &apos;responses&apos;: {201: {&apos;body&apos;: {&apos;example&apos;:...nsagem&apos;}}, 405: {&apos;body&apos;: {&apos;example&apos;: {&apos;mensagem&apos;: &apos;Metodo não permitido&apos;}, &apos;type&apos;: &apos;Mensagem&apos;}}}, &apos;securedBy&apos;: [&apos;JWT&apos;]}.get
 +          where {&apos;body&apos;: {&apos;type&apos;: &apos;Agent&apos;}, &apos;description&apos;: &apos;Método que inclui um novo agente&apos;, &apos;responses&apos;: {201: {&apos;body&apos;: {&apos;example&apos;:...nsagem&apos;}}, 405: {&apos;body&apos;: {&apos;example&apos;: {&apos;mensagem&apos;: &apos;Metodo não permitido&apos;}, &apos;type&apos;: &apos;Mensagem&apos;}}}, &apos;securedBy&apos;: [&apos;JWT&apos;]} = &lt;built-in method get of dict object at 0x7fec4c344340&gt;(&apos;post&apos;)
 +            where &lt;built-in method get of dict object at 0x7fec4c344340&gt; = {&apos;delete&apos;: {&apos;responses&apos;: {200: {&apos;body&apos;: {&apos;example&apos;: {&apos;mensagem&apos;: &apos;Operação realizada com sucesso&apos;}, &apos;type&apos;: &apos;Mensagem&apos;...: &apos;Mensagem&apos;}}, 404: {&apos;body&apos;: {&apos;example&apos;: {&apos;mensagem&apos;: &apos;Não encontrado&apos;}, &apos;type&apos;: &apos;Mensagem&apos;}}}, &apos;securedBy&apos;: [&apos;JWT&apos;]}}.get
 +              where {&apos;delete&apos;: {&apos;responses&apos;: {200: {&apos;body&apos;: {&apos;example&apos;: {&apos;mensagem&apos;: &apos;Operação realizada com sucesso&apos;}, &apos;type&apos;: &apos;Mensagem&apos;...: &apos;Mensagem&apos;}}, 404: {&apos;body&apos;: {&apos;example&apos;: {&apos;mensagem&apos;: &apos;Não encontrado&apos;}, &apos;type&apos;: &apos;Mensagem&apos;}}}, &apos;securedBy&apos;: [&apos;JWT&apos;]}} = &lt;built-in method get of dict object at 0x7fec4c35f080&gt;(&apos;/{id}/events&apos;)
 +                where &lt;built-in method get of dict object at 0x7fec4c35f080&gt; = {&apos;/{id}&apos;: {&apos;delete&apos;: {&apos;description&apos;: &apos;Método que exclui um agente especifico&apos;, &apos;responses&apos;: {200: {&apos;body&apos;: {&apos;example&apos;:...sagem&apos;}}, 405: {&apos;body&apos;: {&apos;example&apos;: {&apos;mensagem&apos;: &apos;Metodo não permitido&apos;}, &apos;type&apos;: &apos;Mensagem&apos;}}}, &apos;securedBy&apos;: [&apos;JWT&apos;]}}.get
 +                  where {&apos;/{id}&apos;: {&apos;delete&apos;: {&apos;description&apos;: &apos;Método que exclui um agente especifico&apos;, &apos;responses&apos;: {200: {&apos;body&apos;: {&apos;example&apos;:...sagem&apos;}}, 405: {&apos;body&apos;: {&apos;example&apos;: {&apos;mensagem&apos;: &apos;Metodo não permitido&apos;}, &apos;type&apos;: &apos;Mensagem&apos;}}}, &apos;securedBy&apos;: [&apos;JWT&apos;]}} = &lt;built-in method get of dict object at 0x7fec4c50e5c0&gt;(&apos;/agents&apos;)
 +                    where &lt;built-in method get of dict object at 0x7fec4c50e5c0&gt; = {&apos;/agents&apos;: {&apos;/{id}&apos;: {&apos;delete&apos;: {&apos;description&apos;: &apos;Método que exclui um agente especifico&apos;, &apos;responses&apos;: {200: {&apos;body&apos;:...ple&apos;: {...}, &apos;type&apos;: &apos;Mensagem&apos;}}, 405: {&apos;body&apos;: {&apos;example&apos;: {...}, &apos;type&apos;: &apos;Mensagem&apos;}}}, &apos;securedBy&apos;: [&apos;JWT&apos;]}}, ...}.get">E   AssertionError: assert None
     +  where None = &lt;built-in method get of dict object at 0x7fec4c336fc0&gt;(401)
     +    where &lt;built-in method get of dict object at 0x7fec4c336fc0&gt; = {&apos;type&apos;: &apos;Agent&apos;}.get
     +      where {&apos;type&apos;: &apos;Agent&apos;} = &lt;built-in method get of dict object at 0x7fec4c3448c0&gt;(&apos;body&apos;)
     +        where &lt;built-in method get of dict object at 0x7fec4c3448c0&gt; = {&apos;body&apos;: {&apos;type&apos;: &apos;Agent&apos;}, &apos;description&apos;: &apos;Método que inclui um novo agente&apos;, &apos;responses&apos;: {201: {&apos;body&apos;: {&apos;example&apos;:...nsagem&apos;}}, 405: {&apos;body&apos;: {&apos;example&apos;: {&apos;mensagem&apos;: &apos;Metodo não permitido&apos;}, &apos;type&apos;: &apos;Mensagem&apos;}}}, &apos;securedBy&apos;: [&apos;JWT&apos;]}.get
     +          where {&apos;body&apos;: {&apos;type&apos;: &apos;Agent&apos;}, &apos;description&apos;: &apos;Método que inclui um novo agente&apos;, &apos;responses&apos;: {201: {&apos;body&apos;: {&apos;example&apos;:...nsagem&apos;}}, 405: {&apos;body&apos;: {&apos;example&apos;: {&apos;mensagem&apos;: &apos;Metodo não permitido&apos;}, &apos;type&apos;: &apos;Mensagem&apos;}}}, &apos;securedBy&apos;: [&apos;JWT&apos;]} = &lt;built-in method get of dict object at 0x7fec4c344340&gt;(&apos;post&apos;)
     +            where &lt;built-in method get of dict object at 0x7fec4c344340&gt; = {&apos;delete&apos;: {&apos;responses&apos;: {200: {&apos;body&apos;: {&apos;example&apos;: {&apos;mensagem&apos;: &apos;Operação realizada com sucesso&apos;}, &apos;type&apos;: &apos;Mensagem&apos;...: &apos;Mensagem&apos;}}, 404: {&apos;body&apos;: {&apos;example&apos;: {&apos;mensagem&apos;: &apos;Não encontrado&apos;}, &apos;type&apos;: &apos;Mensagem&apos;}}}, &apos;securedBy&apos;: [&apos;JWT&apos;]}}.get
     +              where {&apos;delete&apos;: {&apos;responses&apos;: {200: {&apos;body&apos;: {&apos;example&apos;: {&apos;mensagem&apos;: &apos;Operação realizada com sucesso&apos;}, &apos;type&apos;: &apos;Mensagem&apos;...: &apos;Mensagem&apos;}}, 404: {&apos;body&apos;: {&apos;example&apos;: {&apos;mensagem&apos;: &apos;Não encontrado&apos;}, &apos;type&apos;: &apos;Mensagem&apos;}}}, &apos;securedBy&apos;: [&apos;JWT&apos;]}} = &lt;built-in method get of dict object at 0x7fec4c35f080&gt;(&apos;/{id}/events&apos;)
     +                where &lt;built-in method get of dict object at 0x7fec4c35f080&gt; = {&apos;/{id}&apos;: {&apos;delete&apos;: {&apos;description&apos;: &apos;Método que exclui um agente especifico&apos;, &apos;responses&apos;: {200: {&apos;body&apos;: {&apos;example&apos;:...sagem&apos;}}, 405: {&apos;body&apos;: {&apos;example&apos;: {&apos;mensagem&apos;: &apos;Metodo não permitido&apos;}, &apos;type&apos;: &apos;Mensagem&apos;}}}, &apos;securedBy&apos;: [&apos;JWT&apos;]}}.get
     +                  where {&apos;/{id}&apos;: {&apos;delete&apos;: {&apos;description&apos;: &apos;Método que exclui um agente especifico&apos;, &apos;responses&apos;: {200: {&apos;body&apos;: {&apos;example&apos;:...sagem&apos;}}, 405: {&apos;body&apos;: {&apos;example&apos;: {&apos;mensagem&apos;: &apos;Metodo não permitido&apos;}, &apos;type&apos;: &apos;Mensagem&apos;}}}, &apos;securedBy&apos;: [&apos;JWT&apos;]}} = &lt;built-in method get of dict object at 0x7fec4c50e5c0&gt;(&apos;/agents&apos;)
     +                    where &lt;built-in method get of dict object at 0x7fec4c50e5c0&gt; = {&apos;/agents&apos;: {&apos;/{id}&apos;: {&apos;delete&apos;: {&apos;description&apos;: &apos;Método que exclui um agente especifico&apos;, &apos;responses&apos;: {200: {&apos;body&apos;:...ple&apos;: {...}, &apos;type&apos;: &apos;Mensagem&apos;}}, 405: {&apos;body&apos;: {&apos;example&apos;: {...}, &apos;type&apos;: &apos;Mensagem&apos;}}}, &apos;securedBy&apos;: [&apos;JWT&apos;]}}, ...}.get</failure></testcase><testcase classname="test_submit" file="test_submit.py" line="516" name="test_2580" time="0.002457857131958008"><failure message="AssertionError: assert None
 +  where None = &lt;built-in method get of dict object at 0x7fec4c336fc0&gt;(404)
 +    where &lt;built-in method get of dict object at 0x7fec4c336fc0&gt; = {&apos;type&apos;: &apos;Agent&apos;}.get
 +      where {&apos;type&apos;: &apos;Agent&apos;} = &lt;built-in method get of dict object at 0x7fec4c3448c0&gt;(&apos;body&apos;)
 +        where &lt;built-in method get of dict object at 0x7fec4c3448c0&gt; = {&apos;body&apos;: {&apos;type&apos;: &apos;Agent&apos;}, &apos;description&apos;: &apos;Método que inclui um novo agente&apos;, &apos;responses&apos;: {201: {&apos;body&apos;: {&apos;example&apos;:...nsagem&apos;}}, 405: {&apos;body&apos;: {&apos;example&apos;: {&apos;mensagem&apos;: &apos;Metodo não permitido&apos;}, &apos;type&apos;: &apos;Mensagem&apos;}}}, &apos;securedBy&apos;: [&apos;JWT&apos;]}.get
 +          where {&apos;body&apos;: {&apos;type&apos;: &apos;Agent&apos;}, &apos;description&apos;: &apos;Método que inclui um novo agente&apos;, &apos;responses&apos;: {201: {&apos;body&apos;: {&apos;example&apos;:...nsagem&apos;}}, 405: {&apos;body&apos;: {&apos;example&apos;: {&apos;mensagem&apos;: &apos;Metodo não permitido&apos;}, &apos;type&apos;: &apos;Mensagem&apos;}}}, &apos;securedBy&apos;: [&apos;JWT&apos;]} = &lt;built-in method get of dict object at 0x7fec4c344340&gt;(&apos;post&apos;)
 +            where &lt;built-in method get of dict object at 0x7fec4c344340&gt; = {&apos;delete&apos;: {&apos;responses&apos;: {200: {&apos;body&apos;: {&apos;example&apos;: {&apos;mensagem&apos;: &apos;Operação realizada com sucesso&apos;}, &apos;type&apos;: &apos;Mensagem&apos;...: &apos;Mensagem&apos;}}, 404: {&apos;body&apos;: {&apos;example&apos;: {&apos;mensagem&apos;: &apos;Não encontrado&apos;}, &apos;type&apos;: &apos;Mensagem&apos;}}}, &apos;securedBy&apos;: [&apos;JWT&apos;]}}.get
 +              where {&apos;delete&apos;: {&apos;responses&apos;: {200: {&apos;body&apos;: {&apos;example&apos;: {&apos;mensagem&apos;: &apos;Operação realizada com sucesso&apos;}, &apos;type&apos;: &apos;Mensagem&apos;...: &apos;Mensagem&apos;}}, 404: {&apos;body&apos;: {&apos;example&apos;: {&apos;mensagem&apos;: &apos;Não encontrado&apos;}, &apos;type&apos;: &apos;Mensagem&apos;}}}, &apos;securedBy&apos;: [&apos;JWT&apos;]}} = &lt;built-in method get of dict object at 0x7fec4c35f080&gt;(&apos;/{id}/events&apos;)
 +                where &lt;built-in method get of dict object at 0x7fec4c35f080&gt; = {&apos;/{id}&apos;: {&apos;delete&apos;: {&apos;description&apos;: &apos;Método que exclui um agente especifico&apos;, &apos;responses&apos;: {200: {&apos;body&apos;: {&apos;example&apos;:...sagem&apos;}}, 405: {&apos;body&apos;: {&apos;example&apos;: {&apos;mensagem&apos;: &apos;Metodo não permitido&apos;}, &apos;type&apos;: &apos;Mensagem&apos;}}}, &apos;securedBy&apos;: [&apos;JWT&apos;]}}.get
 +                  where {&apos;/{id}&apos;: {&apos;delete&apos;: {&apos;description&apos;: &apos;Método que exclui um agente especifico&apos;, &apos;responses&apos;: {200: {&apos;body&apos;: {&apos;example&apos;:...sagem&apos;}}, 405: {&apos;body&apos;: {&apos;example&apos;: {&apos;mensagem&apos;: &apos;Metodo não permitido&apos;}, &apos;type&apos;: &apos;Mensagem&apos;}}}, &apos;securedBy&apos;: [&apos;JWT&apos;]}} = &lt;built-in method get of dict object at 0x7fec4c50e5c0&gt;(&apos;/agents&apos;)
 +                    where &lt;built-in method get of dict object at 0x7fec4c50e5c0&gt; = {&apos;/agents&apos;: {&apos;/{id}&apos;: {&apos;delete&apos;: {&apos;description&apos;: &apos;Método que exclui um agente especifico&apos;, &apos;responses&apos;: {200: {&apos;body&apos;:...ple&apos;: {...}, &apos;type&apos;: &apos;Mensagem&apos;}}, 405: {&apos;body&apos;: {&apos;example&apos;: {...}, &apos;type&apos;: &apos;Mensagem&apos;}}}, &apos;securedBy&apos;: [&apos;JWT&apos;]}}, ...}.get">E   AssertionError: assert None
     +  where None = &lt;built-in method get of dict object at 0x7fec4c336fc0&gt;(404)
     +    where &lt;built-in method get of dict object at 0x7fec4c336fc0&gt; = {&apos;type&apos;: &apos;Agent&apos;}.get
     +      where {&apos;type&apos;: &apos;Agent&apos;} = &lt;built-in method get of dict object at 0x7fec4c3448c0&gt;(&apos;body&apos;)
     +        where &lt;built-in method get of dict object at 0x7fec4c3448c0&gt; = {&apos;body&apos;: {&apos;type&apos;: &apos;Agent&apos;}, &apos;description&apos;: &apos;Método que inclui um novo agente&apos;, &apos;responses&apos;: {201: {&apos;body&apos;: {&apos;example&apos;:...nsagem&apos;}}, 405: {&apos;body&apos;: {&apos;example&apos;: {&apos;mensagem&apos;: &apos;Metodo não permitido&apos;}, &apos;type&apos;: &apos;Mensagem&apos;}}}, &apos;securedBy&apos;: [&apos;JWT&apos;]}.get
     +          where {&apos;body&apos;: {&apos;type&apos;: &apos;Agent&apos;}, &apos;description&apos;: &apos;Método que inclui um novo agente&apos;, &apos;responses&apos;: {201: {&apos;body&apos;: {&apos;example&apos;:...nsagem&apos;}}, 405: {&apos;body&apos;: {&apos;example&apos;: {&apos;mensagem&apos;: &apos;Metodo não permitido&apos;}, &apos;type&apos;: &apos;Mensagem&apos;}}}, &apos;securedBy&apos;: [&apos;JWT&apos;]} = &lt;built-in method get of dict object at 0x7fec4c344340&gt;(&apos;post&apos;)
     +            where &lt;built-in method get of dict object at 0x7fec4c344340&gt; = {&apos;delete&apos;: {&apos;responses&apos;: {200: {&apos;body&apos;: {&apos;example&apos;: {&apos;mensagem&apos;: &apos;Operação realizada com sucesso&apos;}, &apos;type&apos;: &apos;Mensagem&apos;...: &apos;Mensagem&apos;}}, 404: {&apos;body&apos;: {&apos;example&apos;: {&apos;mensagem&apos;: &apos;Não encontrado&apos;}, &apos;type&apos;: &apos;Mensagem&apos;}}}, &apos;securedBy&apos;: [&apos;JWT&apos;]}}.get
     +              where {&apos;delete&apos;: {&apos;responses&apos;: {200: {&apos;body&apos;: {&apos;example&apos;: {&apos;mensagem&apos;: &apos;Operação realizada com sucesso&apos;}, &apos;type&apos;: &apos;Mensagem&apos;...: &apos;Mensagem&apos;}}, 404: {&apos;body&apos;: {&apos;example&apos;: {&apos;mensagem&apos;: &apos;Não encontrado&apos;}, &apos;type&apos;: &apos;Mensagem&apos;}}}, &apos;securedBy&apos;: [&apos;JWT&apos;]}} = &lt;built-in method get of dict object at 0x7fec4c35f080&gt;(&apos;/{id}/events&apos;)
     +                where &lt;built-in method get of dict object at 0x7fec4c35f080&gt; = {&apos;/{id}&apos;: {&apos;delete&apos;: {&apos;description&apos;: &apos;Método que exclui um agente especifico&apos;, &apos;responses&apos;: {200: {&apos;body&apos;: {&apos;example&apos;:...sagem&apos;}}, 405: {&apos;body&apos;: {&apos;example&apos;: {&apos;mensagem&apos;: &apos;Metodo não permitido&apos;}, &apos;type&apos;: &apos;Mensagem&apos;}}}, &apos;securedBy&apos;: [&apos;JWT&apos;]}}.get
     +                  where {&apos;/{id}&apos;: {&apos;delete&apos;: {&apos;description&apos;: &apos;Método que exclui um agente especifico&apos;, &apos;responses&apos;: {200: {&apos;body&apos;: {&apos;example&apos;:...sagem&apos;}}, 405: {&apos;body&apos;: {&apos;example&apos;: {&apos;mensagem&apos;: &apos;Metodo não permitido&apos;}, &apos;type&apos;: &apos;Mensagem&apos;}}}, &apos;securedBy&apos;: [&apos;JWT&apos;]}} = &lt;built-in method get of dict object at 0x7fec4c50e5c0&gt;(&apos;/agents&apos;)
     +                    where &lt;built-in method get of dict object at 0x7fec4c50e5c0&gt; = {&apos;/agents&apos;: {&apos;/{id}&apos;: {&apos;delete&apos;: {&apos;description&apos;: &apos;Método que exclui um agente especifico&apos;, &apos;responses&apos;: {200: {&apos;body&apos;:...ple&apos;: {...}, &apos;type&apos;: &apos;Mensagem&apos;}}, 405: {&apos;body&apos;: {&apos;example&apos;: {...}, &apos;type&apos;: &apos;Mensagem&apos;}}}, &apos;securedBy&apos;: [&apos;JWT&apos;]}}, ...}.get</failure></testcase><testcase classname="test_submit" file="test_submit.py" line="520" name="test_1148" time="0.0005674362182617188"></testcase><testcase classname="test_submit" file="test_submit.py" line="524" name="test_2780" time="0.0005660057067871094"></testcase><testcase classname="test_submit" file="test_submit.py" line="528" name="test_2805" time="0.0007140636444091797"></testcase><testcase classname="test_submit" file="test_submit.py" line="532" name="test_2415" time="0.0011913776397705078"></testcase><testcase classname="test_submit" file="test_submit.py" line="536" name="test_2010" time="0.00119781494140625"></testcase><testcase classname="test_submit" file="test_submit.py" line="540" name="test_2545" time="0.0004947185516357422"></testcase><testcase classname="test_submit" file="test_submit.py" line="544" name="test_2700" time="0.00064849853515625"></testcase><testcase classname="test_submit" file="test_submit.py" line="548" name="test_1808" time="0.0007686614990234375"></testcase><testcase classname="test_submit" file="test_submit.py" line="552" name="test_2880" time="0.0005631446838378906"></testcase><testcase classname="test_submit" file="test_submit.py" line="556" name="test_2595" time="0.0004992485046386719"></testcase><testcase classname="test_submit" file="test_submit.py" line="560" name="test_2575" time="0.002315044403076172"><failure message="AssertionError: assert None
 +  where None = &lt;built-in method get of dict object at 0x7fec4c344940&gt;(&apos;body&apos;)
 +    where &lt;built-in method get of dict object at 0x7fec4c344940&gt; = {&apos;description&apos;: &apos;Método que altera um evento especifico&apos;, &apos;responses&apos;: {200: {&apos;body&apos;: {&apos;example&apos;: {&apos;mensagem&apos;: &apos;Operaç...&apos;: &apos;Mensagem&apos;}}, 404: {&apos;body&apos;: {&apos;example&apos;: {&apos;mensagem&apos;: &apos;Não encontrado&apos;}, &apos;type&apos;: &apos;Mensagem&apos;}}}, &apos;securedBy&apos;: [&apos;JWT&apos;]}.get
 +      where {&apos;description&apos;: &apos;Método que altera um evento especifico&apos;, &apos;responses&apos;: {200: {&apos;body&apos;: {&apos;example&apos;: {&apos;mensagem&apos;: &apos;Operaç...&apos;: &apos;Mensagem&apos;}}, 404: {&apos;body&apos;: {&apos;example&apos;: {&apos;mensagem&apos;: &apos;Não encontrado&apos;}, &apos;type&apos;: &apos;Mensagem&apos;}}}, &apos;securedBy&apos;: [&apos;JWT&apos;]} = &lt;built-in method get of dict object at 0x7fec4c344340&gt;(&apos;put&apos;)
 +        where &lt;built-in method get of dict object at 0x7fec4c344340&gt; = {&apos;delete&apos;: {&apos;responses&apos;: {200: {&apos;body&apos;: {&apos;example&apos;: {&apos;mensagem&apos;: &apos;Operação realizada com sucesso&apos;}, &apos;type&apos;: &apos;Mensagem&apos;...: &apos;Mensagem&apos;}}, 404: {&apos;body&apos;: {&apos;example&apos;: {&apos;mensagem&apos;: &apos;Não encontrado&apos;}, &apos;type&apos;: &apos;Mensagem&apos;}}}, &apos;securedBy&apos;: [&apos;JWT&apos;]}}.get
 +          where {&apos;delete&apos;: {&apos;responses&apos;: {200: {&apos;body&apos;: {&apos;example&apos;: {&apos;mensagem&apos;: &apos;Operação realizada com sucesso&apos;}, &apos;type&apos;: &apos;Mensagem&apos;...: &apos;Mensagem&apos;}}, 404: {&apos;body&apos;: {&apos;example&apos;: {&apos;mensagem&apos;: &apos;Não encontrado&apos;}, &apos;type&apos;: &apos;Mensagem&apos;}}}, &apos;securedBy&apos;: [&apos;JWT&apos;]}} = &lt;built-in method get of dict object at 0x7fec4c35f080&gt;(&apos;/{id}/events&apos;)
 +            where &lt;built-in method get of dict object at 0x7fec4c35f080&gt; = {&apos;/{id}&apos;: {&apos;delete&apos;: {&apos;description&apos;: &apos;Método que exclui um agente especifico&apos;, &apos;responses&apos;: {200: {&apos;body&apos;: {&apos;example&apos;:...sagem&apos;}}, 405: {&apos;body&apos;: {&apos;example&apos;: {&apos;mensagem&apos;: &apos;Metodo não permitido&apos;}, &apos;type&apos;: &apos;Mensagem&apos;}}}, &apos;securedBy&apos;: [&apos;JWT&apos;]}}.get
 +              where {&apos;/{id}&apos;: {&apos;delete&apos;: {&apos;description&apos;: &apos;Método que exclui um agente especifico&apos;, &apos;responses&apos;: {200: {&apos;body&apos;: {&apos;example&apos;:...sagem&apos;}}, 405: {&apos;body&apos;: {&apos;example&apos;: {&apos;mensagem&apos;: &apos;Metodo não permitido&apos;}, &apos;type&apos;: &apos;Mensagem&apos;}}}, &apos;securedBy&apos;: [&apos;JWT&apos;]}} = &lt;built-in method get of dict object at 0x7fec4c50e5c0&gt;(&apos;/agents&apos;)
 +                where &lt;built-in method get of dict object at 0x7fec4c50e5c0&gt; = {&apos;/agents&apos;: {&apos;/{id}&apos;: {&apos;delete&apos;: {&apos;description&apos;: &apos;Método que exclui um agente especifico&apos;, &apos;responses&apos;: {200: {&apos;body&apos;:...ple&apos;: {...}, &apos;type&apos;: &apos;Mensagem&apos;}}, 405: {&apos;body&apos;: {&apos;example&apos;: {...}, &apos;type&apos;: &apos;Mensagem&apos;}}}, &apos;securedBy&apos;: [&apos;JWT&apos;]}}, ...}.get">E   AssertionError: assert None
     +  where None = &lt;built-in method get of dict object at 0x7fec4c344940&gt;(&apos;body&apos;)
     +    where &lt;built-in method get of dict object at 0x7fec4c344940&gt; = {&apos;description&apos;: &apos;Método que altera um evento especifico&apos;, &apos;responses&apos;: {200: {&apos;body&apos;: {&apos;example&apos;: {&apos;mensagem&apos;: &apos;Operaç...&apos;: &apos;Mensagem&apos;}}, 404: {&apos;body&apos;: {&apos;example&apos;: {&apos;mensagem&apos;: &apos;Não encontrado&apos;}, &apos;type&apos;: &apos;Mensagem&apos;}}}, &apos;securedBy&apos;: [&apos;JWT&apos;]}.get
     +      where {&apos;description&apos;: &apos;Método que altera um evento especifico&apos;, &apos;responses&apos;: {200: {&apos;body&apos;: {&apos;example&apos;: {&apos;mensagem&apos;: &apos;Operaç...&apos;: &apos;Mensagem&apos;}}, 404: {&apos;body&apos;: {&apos;example&apos;: {&apos;mensagem&apos;: &apos;Não encontrado&apos;}, &apos;type&apos;: &apos;Mensagem&apos;}}}, &apos;securedBy&apos;: [&apos;JWT&apos;]} = &lt;built-in method get of dict object at 0x7fec4c344340&gt;(&apos;put&apos;)
     +        where &lt;built-in method get of dict object at 0x7fec4c344340&gt; = {&apos;delete&apos;: {&apos;responses&apos;: {200: {&apos;body&apos;: {&apos;example&apos;: {&apos;mensagem&apos;: &apos;Operação realizada com sucesso&apos;}, &apos;type&apos;: &apos;Mensagem&apos;...: &apos;Mensagem&apos;}}, 404: {&apos;body&apos;: {&apos;example&apos;: {&apos;mensagem&apos;: &apos;Não encontrado&apos;}, &apos;type&apos;: &apos;Mensagem&apos;}}}, &apos;securedBy&apos;: [&apos;JWT&apos;]}}.get
     +          where {&apos;delete&apos;: {&apos;responses&apos;: {200: {&apos;body&apos;: {&apos;example&apos;: {&apos;mensagem&apos;: &apos;Operação realizada com sucesso&apos;}, &apos;type&apos;: &apos;Mensagem&apos;...: &apos;Mensagem&apos;}}, 404: {&apos;body&apos;: {&apos;example&apos;: {&apos;mensagem&apos;: &apos;Não encontrado&apos;}, &apos;type&apos;: &apos;Mensagem&apos;}}}, &apos;securedBy&apos;: [&apos;JWT&apos;]}} = &lt;built-in method get of dict object at 0x7fec4c35f080&gt;(&apos;/{id}/events&apos;)
     +            where &lt;built-in method get of dict object at 0x7fec4c35f080&gt; = {&apos;/{id}&apos;: {&apos;delete&apos;: {&apos;description&apos;: &apos;Método que exclui um agente especifico&apos;, &apos;responses&apos;: {200: {&apos;body&apos;: {&apos;example&apos;:...sagem&apos;}}, 405: {&apos;body&apos;: {&apos;example&apos;: {&apos;mensagem&apos;: &apos;Metodo não permitido&apos;}, &apos;type&apos;: &apos;Mensagem&apos;}}}, &apos;securedBy&apos;: [&apos;JWT&apos;]}}.get
     +              where {&apos;/{id}&apos;: {&apos;delete&apos;: {&apos;description&apos;: &apos;Método que exclui um agente especifico&apos;, &apos;responses&apos;: {200: {&apos;body&apos;: {&apos;example&apos;:...sagem&apos;}}, 405: {&apos;body&apos;: {&apos;example&apos;: {&apos;mensagem&apos;: &apos;Metodo não permitido&apos;}, &apos;type&apos;: &apos;Mensagem&apos;}}}, &apos;securedBy&apos;: [&apos;JWT&apos;]}} = &lt;built-in method get of dict object at 0x7fec4c50e5c0&gt;(&apos;/agents&apos;)
     +                where &lt;built-in method get of dict object at 0x7fec4c50e5c0&gt; = {&apos;/agents&apos;: {&apos;/{id}&apos;: {&apos;delete&apos;: {&apos;description&apos;: &apos;Método que exclui um agente especifico&apos;, &apos;responses&apos;: {200: {&apos;body&apos;:...ple&apos;: {...}, &apos;type&apos;: &apos;Mensagem&apos;}}, 405: {&apos;body&apos;: {&apos;example&apos;: {...}, &apos;type&apos;: &apos;Mensagem&apos;}}}, &apos;securedBy&apos;: [&apos;JWT&apos;]}}, ...}.get</failure></testcase><testcase classname="test_submit" file="test_submit.py" line="568" name="test_2035" time="0.0005636215209960938"><failure message="AttributeError: &apos;NoneType&apos; object has no attribute &apos;get&apos;">E   AttributeError: &apos;NoneType&apos; object has no attribute &apos;get&apos;</failure></testcase><testcase classname="test_submit" file="test_submit.py" line="572" name="test_2855" time="0.0006158351898193359"><failure message="AttributeError: &apos;NoneType&apos; object has no attribute &apos;get&apos;">E   AttributeError: &apos;NoneType&apos; object has no attribute &apos;get&apos;</failure></testcase><testcase classname="test_submit" file="test_submit.py" line="576" name="test_2450" time="0.0006184577941894531"><failure message="AttributeError: &apos;NoneType&apos; object has no attribute &apos;get&apos;">E   AttributeError: &apos;NoneType&apos; object has no attribute &apos;get&apos;</failure></testcase><testcase classname="test_submit" file="test_submit.py" line="580" name="test_1064" time="0.0005061626434326172"></testcase><testcase classname="test_submit" file="test_submit.py" line="584" name="test_2410" time="0.002540111541748047"><failure message="AssertionError: assert None
 +  where None = &lt;built-in method get of dict object at 0x7fec4c344980&gt;(&apos;description&apos;)
 +    where &lt;built-in method get of dict object at 0x7fec4c344980&gt; = {&apos;responses&apos;: {200: {&apos;body&apos;: {&apos;example&apos;: {&apos;mensagem&apos;: &apos;Operação realizada com sucesso&apos;}, &apos;type&apos;: &apos;Mensagem&apos;}}, 401: {&apos;...&apos;: &apos;Mensagem&apos;}}, 404: {&apos;body&apos;: {&apos;example&apos;: {&apos;mensagem&apos;: &apos;Não encontrado&apos;}, &apos;type&apos;: &apos;Mensagem&apos;}}}, &apos;securedBy&apos;: [&apos;JWT&apos;]}.get
 +      where {&apos;responses&apos;: {200: {&apos;body&apos;: {&apos;example&apos;: {&apos;mensagem&apos;: &apos;Operação realizada com sucesso&apos;}, &apos;type&apos;: &apos;Mensagem&apos;}}, 401: {&apos;...&apos;: &apos;Mensagem&apos;}}, 404: {&apos;body&apos;: {&apos;example&apos;: {&apos;mensagem&apos;: &apos;Não encontrado&apos;}, &apos;type&apos;: &apos;Mensagem&apos;}}}, &apos;securedBy&apos;: [&apos;JWT&apos;]} = &lt;built-in method get of dict object at 0x7fec4c344340&gt;(&apos;delete&apos;)
[...]
 +        where &lt;built-in method get of dict object at 0x7fec4c344480&gt; = {&apos;body&apos;: {&apos;type&apos;: &apos;Group&apos;}, &apos;description&apos;: &apos;Inclui usuário&apos;, &apos;responses&apos;: {201: {&apos;body&apos;: {&apos;example&apos;: {&apos;mensagem&apos;: &apos;Ope...nsagem&apos;}}, 405: {&apos;body&apos;: {&apos;example&apos;: {&apos;mensagem&apos;: &apos;Metodo não permitido&apos;}, &apos;type&apos;: &apos;Mensagem&apos;}}}, &apos;securedBy&apos;: [&apos;JWT&apos;]}.get
 +          where {&apos;body&apos;: {&apos;type&apos;: &apos;Group&apos;}, &apos;description&apos;: &apos;Inclui usuário&apos;, &apos;responses&apos;: {201: {&apos;body&apos;: {&apos;example&apos;: {&apos;mensagem&apos;: &apos;Ope...nsagem&apos;}}, 405: {&apos;body&apos;: {&apos;example&apos;: {&apos;mensagem&apos;: &apos;Metodo não permitido&apos;}, &apos;type&apos;: &apos;Mensagem&apos;}}}, &apos;securedBy&apos;: [&apos;JWT&apos;]} = &lt;built-in method get of dict object at 0x7fec4c3517c0&gt;(&apos;post&apos;)
 +            where &lt;built-in method get of dict object at 0x7fec4c3517c0&gt; = {&apos;/{id}&apos;: {&apos;delete&apos;: {&apos;description&apos;: &apos;Método que exclui um usuario especifico&apos;, &apos;responses&apos;: {200: {&apos;body&apos;: {&apos;example&apos;...sagem&apos;}}, 405: {&apos;body&apos;: {&apos;example&apos;: {&apos;mensagem&apos;: &apos;Metodo não permitido&apos;}, &apos;type&apos;: &apos;Mensagem&apos;}}}, &apos;securedBy&apos;: [&apos;JWT&apos;]}}.get
 +              where {&apos;/{id}&apos;: {&apos;delete&apos;: {&apos;description&apos;: &apos;Método que exclui um usuario especifico&apos;, &apos;responses&apos;: {200: {&apos;body&apos;: {&apos;example&apos;...sagem&apos;}}, 405: {&apos;body&apos;: {&apos;example&apos;: {&apos;mensagem&apos;: &apos;Metodo não permitido&apos;}, &apos;type&apos;: &apos;Mensagem&apos;}}}, &apos;securedBy&apos;: [&apos;JWT&apos;]}} = &lt;built-in method get of dict object at 0x7fec4c50e5c0&gt;(&apos;/users&apos;)
 +                where &lt;built-in method get of dict object at 0x7fec4c50e5c0&gt; = {&apos;/agents&apos;: {&apos;/{id}&apos;: {&apos;delete&apos;: {&apos;description&apos;: &apos;Método que exclui um agente especifico&apos;, &apos;responses&apos;: {200: {&apos;body&apos;:...ple&apos;: {...}, &apos;type&apos;: &apos;Mensagem&apos;}}, 405: {&apos;body&apos;: {&apos;example&apos;: {...}, &apos;type&apos;: &apos;Mensagem&apos;}}}, &apos;securedBy&apos;: [&apos;JWT&apos;]}}, ...}.get">E   AssertionError: assert None
     +  where None = &lt;built-in method get of dict object at 0x7fec4c344b80&gt;(&apos;application/json&apos;)
     +    where &lt;built-in method get of dict object at 0x7fec4c344b80&gt; = {&apos;type&apos;: &apos;Group&apos;}.get
     +      where {&apos;type&apos;: &apos;Group&apos;} = &lt;built-in method get of dict object at 0x7fec4c344480&gt;(&apos;body&apos;)
     +        where &lt;built-in method get of dict object at 0x7fec4c344480&gt; = {&apos;body&apos;: {&apos;type&apos;: &apos;Group&apos;}, &apos;description&apos;: &apos;Inclui usuário&apos;, &apos;responses&apos;: {201: {&apos;body&apos;: {&apos;example&apos;: {&apos;mensagem&apos;: &apos;Ope...nsagem&apos;}}, 405: {&apos;body&apos;: {&apos;example&apos;: {&apos;mensagem&apos;: &apos;Metodo não permitido&apos;}, &apos;type&apos;: &apos;Mensagem&apos;}}}, &apos;securedBy&apos;: [&apos;JWT&apos;]}.get
     +          where {&apos;body&apos;: {&apos;type&apos;: &apos;Group&apos;}, &apos;description&apos;: &apos;Inclui usuário&apos;, &apos;responses&apos;: {201: {&apos;body&apos;: {&apos;example&apos;: {&apos;mensagem&apos;: &apos;Ope...nsagem&apos;}}, 405: {&apos;body&apos;: {&apos;example&apos;: {&apos;mensagem&apos;: &apos;Metodo não permitido&apos;}, &apos;type&apos;: &apos;Mensagem&apos;}}}, &apos;securedBy&apos;: [&apos;JWT&apos;]} = &lt;built-in method get of dict object at 0x7fec4c3517c0&gt;(&apos;post&apos;)
     +            where &lt;built-in method get of dict object at 0x7fec4c3517c0&gt; = {&apos;/{id}&apos;: {&apos;delete&apos;: {&apos;description&apos;: &apos;Método que exclui um usuario especifico&apos;, &apos;responses&apos;: {200: {&apos;body&apos;: {&apos;example&apos;...sagem&apos;}}, 405: {&apos;body&apos;: {&apos;example&apos;: {&apos;mensagem&apos;: &apos;Metodo não permitido&apos;}, &apos;type&apos;: &apos;Mensagem&apos;}}}, &apos;securedBy&apos;: [&apos;JWT&apos;]}}.get
     +              where {&apos;/{id}&apos;: {&apos;delete&apos;: {&apos;description&apos;: &apos;Método que exclui um usuario especifico&apos;, &apos;responses&apos;: {200: {&apos;body&apos;: {&apos;example&apos;...sagem&apos;}}, 405: {&apos;body&apos;: {&apos;example&apos;: {&apos;mensagem&apos;: &apos;Metodo não permitido&apos;}, &apos;type&apos;: &apos;Mensagem&apos;}}}, &apos;securedBy&apos;: [&apos;JWT&apos;]}} = &lt;built-in method get of dict object at 0x7fec4c50e5c0&gt;(&apos;/users&apos;)
     +                where &lt;built-in method get of dict object at 0x7fec4c50e5c0&gt; = {&apos;/agents&apos;: {&apos;/{id}&apos;: {&apos;delete&apos;: {&apos;description&apos;: &apos;Método que exclui um agente especifico&apos;, &apos;responses&apos;: {200: {&apos;body&apos;:...ple&apos;: {...}, &apos;type&apos;: &apos;Mensagem&apos;}}, 405: {&apos;body&apos;: {&apos;example&apos;: {...}, &apos;type&apos;: &apos;Mensagem&apos;}}}, &apos;securedBy&apos;: [&apos;JWT&apos;]}}, ...}.get</failure></testcase><testcase classname="test_submit" file="test_submit.py" line="632" name="test_2650" time="0.0007066726684570312"><failure message="AttributeError: &apos;NoneType&apos; object has no attribute &apos;get&apos;">E   AttributeError: &apos;NoneType&apos; object has no attribute &apos;get&apos;</failure></testcase><testcase classname="test_submit" file="test_submit.py" line="636" name="test_1610" time="0.0005698204040527344"></testcase><testcase classname="test_submit" file="test_submit.py" line="644" name="test_2025" time="0.0004634857177734375"></testcase><testcase classname="test_submit" file="test_submit.py" line="648" name="test_2875" time="0.0004909038543701172"></testcase><testcase classname="test_submit" file="test_submit.py" line="652" name="test_2775" time="0.0006213188171386719"></testcase><testcase classname="test_submit" file="test_submit.py" line="656" name="test_62" time="0.0005724430084228516"></testcase><testcase classname="test_submit" file="test_submit.py" line="660" name="test_1160" time="0.0005142688751220703"></testcase><testcase classname="test_submit" file="test_submit.py" line="664" name="test_1013" time="0.0005924701690673828"></testcase><testcase classname="test_submit" file="test_submit.py" line="672" name="test_2125" time="0.0007784366607666016"></testcase><testcase classname="test_submit" file="test_submit.py" line="676" name="test_2740" time="0.0008864402770996094"></testcase><testcase classname="test_submit" file="test_submit.py" line="684" name="test_1841" time="0.0009799003601074219"></testcase><testcase classname="test_submit" file="test_submit.py" line="688" name="test_2275" time="0.000560760498046875"></testcase><testcase classname="test_submit" file="test_submit.py" line="692" name="test_2520" time="0.0005285739898681641"></testcase><testcase classname="test_submit" file="test_submit.py" line="696" name="test_2425" time="0.0014116764068603516"></testcase><testcase classname="test_submit" file="test_submit.py" line="700" name="test_2505" time="0.0008296966552734375"></testcase><testcase classname="test_submit" file="test_submit.py" line="704" name="test_2115" time="0.0005354881286621094"></testcase><testcase classname="test_submit" file="test_submit.py" line="708" name="test_2300" time="0.0005066394805908203"></testcase><testcase classname="test_submit" file="test_submit.py" line="712" name="test_1229" time="0.0005359649658203125"></testcase><testcase classname="test_submit" file="test_submit.py" line="716" name="test_2350" time="0.0005133152008056641"></testcase><testcase classname="test_submit" file="test_submit.py" line="720" name="test_2935" time="0.0004642009735107422"></testcase><testcase classname="test_submit" file="test_submit.py" line="724" name="test_2205" time="0.0004837512969970703"></testcase><testcase classname="test_submit" file="test_submit.py" line="732" name="test_2470" time="0.0005698204040527344"></testcase><testcase classname="test_submit" file="test_submit.py" line="736" name="test_2940" time="0.0005371570587158203"></testcase><testcase classname="test_submit" file="test_submit.py" line="740" name="test_1535" time="0.00047397613525390625"></testcase><testcase classname="test_submit" file="test_submit.py" line="748" name="test_2860" time="0.0005869865417480469"></testcase><testcase classname="test_submit" file="test_submit.py" line="752" name="test_2310" time="0.0005366802215576172"></testcase><testcase classname="test_submit" file="test_submit.py" line="756" name="test_2335" time="0.0005426406860351562"></testcase><testcase classname="test_submit" file="test_submit.py" line="760" name="test_2910" time="0.0006330013275146484"></testcase><testcase classname="test_submit" file="test_submit.py" line="764" name="test_2225" time="0.0005884170532226562"></testcase><testcase classname="test_submit" file="test_submit.py" line="768" name="test_442" time="0.0009691715240478516"></testcase><testcase classname="test_submit" file="test_submit.py" line="772" name="test_1103" time="0.0005095005035400391"></testcase><testcase classname="test_submit" file="test_submit.py" line="776" name="test_1676" time="0.001026153564453125"></testcase><testcase classname="test_submit" file="test_submit.py" line="780" name="test_1523" time="0.0005347728729248047"></testcase><testcase classname="test_submit" file="test_submit.py" line="784" name="test_2375" time="0.0019409656524658203"><failure message="AssertionError: assert None
 +  where None = &lt;built-in method get of dict object at 0x7fec4c3449c0&gt;(&apos;application/json&apos;)
 +    where &lt;built-in method get of dict object at 0x7fec4c3449c0&gt; = {&apos;type&apos;: &apos;Group&apos;}.get
 +      where {&apos;type&apos;: &apos;Group&apos;} = &lt;built-in method get of dict object at 0x7fec4c344380&gt;(&apos;body&apos;)
 +        where &lt;built-in method get of dict object at 0x7fec4c344380&gt; = {&apos;body&apos;: {&apos;type&apos;: &apos;Group&apos;}, &apos;description&apos;: &apos;Inclui um grupo&apos;, &apos;responses&apos;: {201: {&apos;body&apos;: {&apos;example&apos;: {&apos;mensagem&apos;: &apos;Op...nsagem&apos;}}, 405: {&apos;body&apos;: {&apos;example&apos;: {&apos;mensagem&apos;: &apos;Metodo não permitido&apos;}, &apos;type&apos;: &apos;Mensagem&apos;}}}, &apos;securedBy&apos;: [&apos;JWT&apos;]}.get
 +          where {&apos;body&apos;: {&apos;type&apos;: &apos;Group&apos;}, &apos;description&apos;: &apos;Inclui um grupo&apos;, &apos;responses&apos;: {201: {&apos;body&apos;: {&apos;example&apos;: {&apos;mensagem&apos;: &apos;Op...nsagem&apos;}}, 405: {&apos;body&apos;: {&apos;example&apos;: {&apos;mensagem&apos;: &apos;Metodo não permitido&apos;}, &apos;type&apos;: &apos;Mensagem&apos;}}}, &apos;securedBy&apos;: [&apos;JWT&apos;]} = &lt;built-in method get of dict object at 0x7fec4c33ef80&gt;(&apos;post&apos;)
 +            where &lt;built-in method get of dict object at 0x7fec4c33ef80&gt; = {&apos;/{id}&apos;: {&apos;delete&apos;: {&apos;description&apos;: &apos;Método que exclui um evento relacionado ao cliente&apos;, &apos;responses&apos;: {200: {&apos;body&apos;:...sagem&apos;}}, 405: {&apos;body&apos;: {&apos;example&apos;: {&apos;mensagem&apos;: &apos;Metodo não permitido&apos;}, &apos;type&apos;: &apos;Mensagem&apos;}}}, &apos;securedBy&apos;: [&apos;JWT&apos;]}}.get
 +              where {&apos;/{id}&apos;: {&apos;delete&apos;: {&apos;description&apos;: &apos;Método que exclui um evento relacionado ao cliente&apos;, &apos;responses&apos;: {200: {&apos;body&apos;:...sagem&apos;}}, 405: {&apos;body&apos;: {&apos;example&apos;: {&apos;mensagem&apos;: &apos;Metodo não permitido&apos;}, &apos;type&apos;: &apos;Mensagem&apos;}}}, &apos;securedBy&apos;: [&apos;JWT&apos;]}} = &lt;built-in method get of dict object at 0x7fec4c50e5c0&gt;(&apos;/groups&apos;)
 +                where &lt;built-in method get of dict object at 0x7fec4c50e5c0&gt; = {&apos;/agents&apos;: {&apos;/{id}&apos;: {&apos;delete&apos;: {&apos;description&apos;: &apos;Método que exclui um agente especifico&apos;, &apos;responses&apos;: {200: {&apos;body&apos;:...ple&apos;: {...}, &apos;type&apos;: &apos;Mensagem&apos;}}, 405: {&apos;body&apos;: {&apos;example&apos;: {...}, &apos;type&apos;: &apos;Mensagem&apos;}}}, &apos;securedBy&apos;: [&apos;JWT&apos;]}}, ...}.get">E   AssertionError: assert None
     +  where None = &lt;built-in method get of dict object at 0x7fec4c3449c0&gt;(&apos;application/json&apos;)
     +    where &lt;built-in method get of dict object at 0x7fec4c3449c0&gt; = {&apos;type&apos;: &apos;Group&apos;}.get
     +      where {&apos;type&apos;: &apos;Group&apos;} = &lt;built-in method get of dict object at 0x7fec4c344380&gt;(&apos;body&apos;)
     +        where &lt;built-in method get of dict object at 0x7fec4c344380&gt; = {&apos;body&apos;: {&apos;type&apos;: &apos;Group&apos;}, &apos;description&apos;: &apos;Inclui um grupo&apos;, &apos;responses&apos;: {201: {&apos;body&apos;: {&apos;example&apos;: {&apos;mensagem&apos;: &apos;Op...nsagem&apos;}}, 405: {&apos;body&apos;: {&apos;example&apos;: {&apos;mensagem&apos;: &apos;Metodo não permitido&apos;}, &apos;type&apos;: &apos;Mensagem&apos;}}}, &apos;securedBy&apos;: [&apos;JWT&apos;]}.get
     +          where {&apos;body&apos;: {&apos;type&apos;: &apos;Group&apos;}, &apos;description&apos;: &apos;Inclui um grupo&apos;, &apos;responses&apos;: {201: {&apos;body&apos;: {&apos;example&apos;: {&apos;mensagem&apos;: &apos;Op...nsagem&apos;}}, 405: {&apos;body&apos;: {&apos;example&apos;: {&apos;mensagem&apos;: &apos;Metodo não permitido&apos;}, &apos;type&apos;: &apos;Mensagem&apos;}}}, &apos;securedBy&apos;: [&apos;JWT&apos;]} = &lt;built-in method get of dict object at 0x7fec4c33ef80&gt;(&apos;post&apos;)
     +            where &lt;built-in method get of dict object at 0x7fec4c33ef80&gt; = {&apos;/{id}&apos;: {&apos;delete&apos;: {&apos;description&apos;: &apos;Método que exclui um evento relacionado ao cliente&apos;, &apos;responses&apos;: {200: {&apos;body&apos;:...sagem&apos;}}, 405: {&apos;body&apos;: {&apos;example&apos;: {&apos;mensagem&apos;: &apos;Metodo não permitido&apos;}, &apos;type&apos;: &apos;Mensagem&apos;}}}, &apos;securedBy&apos;: [&apos;JWT&apos;]}}.get
     +              where {&apos;/{id}&apos;: {&apos;delete&apos;: {&apos;description&apos;: &apos;Método que exclui um evento relacionado ao cliente&apos;, &apos;responses&apos;: {200: {&apos;body&apos;:...sagem&apos;}}, 405: {&apos;body&apos;: {&apos;example&apos;: {&apos;mensagem&apos;: &apos;Metodo não permitido&apos;}, &apos;type&apos;: &apos;Mensagem&apos;}}}, &apos;securedBy&apos;: [&apos;JWT&apos;]}} = &lt;built-in method get of dict object at 0x7fec4c50e5c0&gt;(&apos;/groups&apos;)
     +                where &lt;built-in method get of dict object at 0x7fec4c50e5c0&gt; = {&apos;/agents&apos;: {&apos;/{id}&apos;: {&apos;delete&apos;: {&apos;description&apos;: &apos;Método que exclui um agente especifico&apos;, &apos;responses&apos;: {200: {&apos;body&apos;:...ple&apos;: {...}, &apos;type&apos;: &apos;Mensagem&apos;}}, 405: {&apos;body&apos;: {&apos;example&apos;: {...}, &apos;type&apos;: &apos;Mensagem&apos;}}}, &apos;securedBy&apos;: [&apos;JWT&apos;]}}, ...}.get</failure></testcase><testcase classname="test_submit" file="test_submit.py" line="788" name="test_2865" time="0.000644683837890625"><failure message="AttributeError: &apos;NoneType&apos; object has no attribute &apos;get&apos;">E   AttributeError: &apos;NoneType&apos; object has no attribute &apos;get&apos;</failure></testcase><testcase classname="test_submit" file="test_submit.py" line="792" name="test_2380" time="0.0006110668182373047"><failure message="AttributeError: &apos;NoneType&apos; object has no attribute &apos;get&apos;">E   AttributeError: &apos;NoneType&apos; object has no attribute &apos;get&apos;</failure></testcase><testcase classname="test_submit" file="test_submit.py" line="796" name="test_1538" time="0.0005066394805908203"></testcase><testcase classname="test_submit" file="test_submit.py" line="800" name="test_2705" time="0.0004894733428955078"></testcase><testcase classname="test_submit" file="test_submit.py" line="804" name="test_2145" time="0.0005068778991699219"></testcase><testcase classname="test_submit" file="test_submit.py" line="808" name="test_2040" time="0.0006847381591796875"></testcase><testcase classname="test_submit" file="test_submit.py" line="812" name="test_458" time="0.0009551048278808594"></testcase><testcase classname="test_submit" file="test_submit.py" line="816" name="test_1046" time="0.0017375946044921875"></testcase><testcase classname="test_submit" file="test_submit.py" line="820" name="test_1457" time="0.001191854476928711"></testcase><testcase classname="test_submit" file="test_submit.py" line="824" name="test_1757" time="0.0005004405975341797"></testcase><testcase classname="test_submit" file="test_submit.py" line="828" name="test_2900" time="0.00046896934509277344"></testcase><testcase classname="test_submit" file="test_submit.py" line="832" name="test_2710" time="0.0006923675537109375"></testcase><testcase classname="test_submit" file="test_submit.py" line="836" name="test_2070" time="0.0009398460388183594"></testcase><testcase classname="test_submit" file="test_submit.py" line="840" name="test_2970" time="0.0017724037170410156"></testcase><testcase classname="test_submit" file="test_submit.py" line="844" name="test_80" time="0.0007231235504150391"></testcase><testcase classname="test_submit" file="test_submit.py" line="848" name="test_1835" time="0.000698089599609375"></testcase><testcase classname="test_submit" file="test_submit.py" line="852" name="test_2680" time="0.0006992816925048828"></testcase><testcase classname="test_submit" file="test_submit.py" line="856" name="test_2565" time="0.0007076263427734375"></testcase><testcase classname="test_submit" file="test_submit.py" line="860" name="test_2080" time="0.0007233619689941406"></testcase><testcase classname="test_submit" file="test_submit.py" line="864" name="test_2120" time="0.000705718994140625"></testcase><testcase classname="test_submit" file="test_submit.py" line="868" name="test_2250" time="0.0007274150848388672"></testcase><testcase classname="test_submit" file="test_submit.py" line="872" name="test_2270" time="0.0007567405700683594"></testcase><testcase classname="test_submit" file="test_submit.py" line="876" name="test_1904" time="0.00130462646484375"></testcase><testcase classname="test_submit" file="test_submit.py" line="880" name="test_2130" time="0.0011644363403320312"></testcase><testcase classname="test_submit" file="test_submit.py" line="884" name="test_2630" time="0.0004780292510986328"></testcase><testcase classname="test_submit" file="test_submit.py" line="888" name="test_2525" time="0.00046563148498535156"></testcase><testcase classname="test_submit" file="test_submit.py" line="892" name="test_2405" time="0.0004553794860839844"></testcase><testcase classname="test_submit" file="test_submit.py" line="896" name="test_2255" time="0.0006012916564941406"></testcase><testcase classname="test_submit" file="test_submit.py" line="900" name="test_1577" time="0.0004949569702148438"></testcase><testcase classname="test_submit" file="test_submit.py" line="904" name="test_2090" time="0.0004787445068359375"></testcase><testcase classname="test_submit" file="test_submit.py" line="908" name="test_2960" time="0.00047469139099121094"></testcase><testcase classname="test_submit" file="test_submit.py" line="912" name="test_2260" time="0.0004940032958984375"></testcase></testsuite>